[2018-07-02 02:24:30] local.ERROR: exception 'InvalidArgumentException' with message 'View [posts.{data[post_id]}] not found.' in C:\wamp\www\repo - Copy\NMS-BlogAndWhiteV2\BlogAndWhite\vendor\laravel\framework\src\Illuminate\View\FileViewFinder.php:140
Stack trace:
#0 C:\wamp\www\repo - Copy\NMS-BlogAndWhiteV2\BlogAndWhite\vendor\laravel\framework\src\Illuminate\View\FileViewFinder.php(77): Illuminate\View\FileViewFinder->findInPaths('posts.{data[pos...', Array)
#1 C:\wamp\www\repo - Copy\NMS-BlogAndWhiteV2\BlogAndWhite\vendor\laravel\framework\src\Illuminate\View\Factory.php(145): Illuminate\View\FileViewFinder->find('posts.{data[pos...')
#2 C:\wamp\www\repo - Copy\NMS-BlogAndWhiteV2\BlogAndWhite\vendor\laravel\framework\src\Illuminate\Foundation\helpers.php(592): Illuminate\View\Factory->make('posts/{data[pos...', Array, Array)
#3 C:\wamp\www\repo - Copy\NMS-BlogAndWhiteV2\BlogAndWhite\app\Http\Controllers\PublicController.php(21): view('posts/{data[pos...')
#4 [internal function]: App\Http\Controllers\PublicController->add_comment(Object(Illuminate\Http\Request))
#5 C:\wamp\www\repo - Copy\NMS-BlogAndWhiteV2\BlogAndWhite\vendor\laravel\framework\src\Illuminate\Routing\Controller.php(246): call_user_func_array(Array, Array)
#6 C:\wamp\www\repo - Copy\NMS-BlogAndWhiteV2\BlogAndWhite\vendor\laravel\framework\src\Illuminate\Routing\ControllerDispatcher.php(162): Illuminate\Routing\Controller->callAction('add_comment', Array)
#7 C:\wamp\www\repo - Copy\NMS-BlogAndWhiteV2\BlogAndWhite\vendor\laravel\framework\src\Illuminate\Routing\ControllerDispatcher.php(107): Illuminate\Routing\ControllerDispatcher->call(Object(App\Http\Controllers\PublicController), Object(Illuminate\Routing\Route), 'add_comment')
#8 [internal function]: Illuminate\Routing\ControllerDispatcher->Illuminate\Routing\{closure}(Object(Illuminate\Http\Request))
#9 C:\wamp\www\repo - Copy\NMS-BlogAndWhiteV2\BlogAndWhite\vendor\laravel\framework\src\Illuminate\Pipeline\Pipeline.php(141): call_user_func(Object(Closure), Object(Illuminate\Http\Request))
#10 [internal function]: Illuminate\Pipeline\Pipeline->Illuminate\Pipeline\{closure}(Object(Illuminate\Http\Request))
#11 C:\wamp\www\repo - Copy\NMS-BlogAndWhiteV2\BlogAndWhite\vendor\laravel\framework\src\Illuminate\Pipeline\Pipeline.php(101): call_user_func(Object(Closure), Object(Illuminate\Http\Request))
#12 C:\wamp\www\repo - Copy\NMS-BlogAndWhiteV2\BlogAndWhite\vendor\laravel\framework\src\Illuminate\Routing\ControllerDispatcher.php(108): Illuminate\Pipeline\Pipeline->then(Object(Closure))
#13 C:\wamp\www\repo - Copy\NMS-BlogAndWhiteV2\BlogAndWhite\vendor\laravel\framework\src\Illuminate\Routing\ControllerDispatcher.php(67): Illuminate\Routing\ControllerDispatcher->callWithinStack(Object(App\Http\Controllers\PublicController), Object(Illuminate\Routing\Route), Object(Illuminate\Http\Request), 'add_comment')
#14 C:\wamp\www\repo - Copy\NMS-BlogAndWhiteV2\BlogAndWhite\vendor\laravel\framework\src\Illuminate\Routing\Route.php(204): Illuminate\Routing\ControllerDispatcher->dispatch(Object(Illuminate\Routing\Route), Object(Illuminate\Http\Request), 'App\Http\Contro...', 'add_comment')
#15 C:\wamp\www\repo - Copy\NMS-BlogAndWhiteV2\BlogAndWhite\vendor\laravel\framework\src\Illuminate\Routing\Route.php(134): Illuminate\Routing\Route->runWithCustomDispatcher(Object(Illuminate\Http\Request))
#16 C:\wamp\www\repo - Copy\NMS-BlogAndWhiteV2\BlogAndWhite\vendor\laravel\framework\src\Illuminate\Routing\Router.php(701): Illuminate\Routing\Route->run(Object(Illuminate\Http\Request))
#17 [internal function]: Illuminate\Routing\Router->Illuminate\Routing\{closure}(Object(Illuminate\Http\Request))
#18 C:\wamp\www\repo - Copy\NMS-BlogAndWhiteV2\BlogAndWhite\vendor\laravel\framework\src\Illuminate\Pipeline\Pipeline.php(141): call_user_func(Object(Closure), Object(Illuminate\Http\Request))
#19 [internal function]: Illuminate\Pipeline\Pipeline->Illuminate\Pipeline\{closure}(Object(Illuminate\Http\Request))
#20 C:\wamp\www\repo - Copy\NMS-BlogAndWhiteV2\BlogAndWhite\vendor\laravel\framework\src\Illuminate\Pipeline\Pipeline.php(101): call_user_func(Object(Closure), Object(Illuminate\Http\Request))
#21 C:\wamp\www\repo - Copy\NMS-BlogAndWhiteV2\BlogAndWhite\vendor\laravel\framework\src\Illuminate\Routing\Router.php(703): Illuminate\Pipeline\Pipeline->then(Object(Closure))
#22 C:\wamp\www\repo - Copy\NMS-BlogAndWhiteV2\BlogAndWhite\vendor\laravel\framework\src\Illuminate\Routing\Router.php(670): Illuminate\Routing\Router->runRouteWithinStack(Object(Illuminate\Routing\Route), Object(Illuminate\Http\Request))
#23 C:\wamp\www\repo - Copy\NMS-BlogAndWhiteV2\BlogAndWhite\vendor\laravel\framework\src\Illuminate\Routing\Router.php(628): Illuminate\Routing\Router->dispatchToRoute(Object(Illuminate\Http\Request))
#24 C:\wamp\www\repo - Copy\NMS-BlogAndWhiteV2\BlogAndWhite\vendor\laravel\framework\src\Illuminate\Foundation\Http\Kernel.php(214): Illuminate\Routing\Router->dispatch(Object(Illuminate\Http\Request))
#25 [internal function]: Illuminate\Foundation\Http\Kernel->Illuminate\Foundation\Http\{closure}(Object(Illuminate\Http\Request))
#26 C:\wamp\www\repo - Copy\NMS-BlogAndWhiteV2\BlogAndWhite\vendor\laravel\framework\src\Illuminate\Pipeline\Pipeline.php(141): call_user_func(Object(Closure), Object(Illuminate\Http\Request))
#27 C:\wamp\www\repo - Copy\NMS-BlogAndWhiteV2\BlogAndWhite\vendor\laravel\framework\src\Illuminate\Foundation\Http\Middleware\VerifyCsrfToken.php(43): Illuminate\Pipeline\Pipeline->Illuminate\Pipeline\{closure}(Object(Illuminate\Http\Request))
#28 C:\wamp\www\repo - Copy\NMS-BlogAndWhiteV2\BlogAndWhite\app\Http\Middleware\VerifyCsrfToken.php(17): Illuminate\Foundation\Http\Middleware\VerifyCsrfToken->handle(Object(Illuminate\Http\Request), Object(Closure))
#29 C:\wamp\www\repo - Copy\NMS-BlogAndWhiteV2\BlogAndWhite\vendor\laravel\framework\src\Illuminate\Pipeline\Pipeline.php(125): App\Http\Middleware\VerifyCsrfToken->handle(Object(Illuminate\Http\Request), Object(Closure))
#30 C:\wamp\www\repo - Copy\NMS-BlogAndWhiteV2\BlogAndWhite\vendor\laravel\framework\src\Illuminate\View\Middleware\ShareErrorsFromSession.php(55): Illuminate\Pipeline\Pipeline->Illuminate\Pipeline\{closure}(Object(Illuminate\Http\Request))
#31 C:\wamp\www\repo - Copy\NMS-BlogAndWhiteV2\BlogAndWhite\vendor\laravel\framework\src\Illuminate\Pipeline\Pipeline.php(125): Illuminate\View\Middleware\ShareErrorsFromSession->handle(Object(Illuminate\Http\Request), Object(Closure))
#32 C:\wamp\www\repo - Copy\NMS-BlogAndWhiteV2\BlogAndWhite\vendor\laravel\framework\src\Illuminate\Session\Middleware\StartSession.php(61): Illuminate\Pipeline\Pipeline->Illuminate\Pipeline\{closure}(Object(Illuminate\Http\Request))
#33 C:\wamp\www\repo - Copy\NMS-BlogAndWhiteV2\BlogAndWhite\vendor\laravel\framework\src\Illuminate\Pipeline\Pipeline.php(125): Illuminate\Session\Middleware\StartSession->handle(Object(Illuminate\Http\Request), Object(Closure))
#34 C:\wamp\www\repo - Copy\NMS-BlogAndWhiteV2\BlogAndWhite\vendor\laravel\framework\src\Illuminate\Cookie\Middleware\AddQueuedCookiesToResponse.php(36): Illuminate\Pipeline\Pipeline->Illuminate\Pipeline\{closure}(Object(Illuminate\Http\Request))
#35 C:\wamp\www\repo - Copy\NMS-BlogAndWhiteV2\BlogAndWhite\vendor\laravel\framework\src\Illuminate\Pipeline\Pipeline.php(125): Illuminate\Cookie\Middleware\AddQueuedCookiesToResponse->handle(Object(Illuminate\Http\Request), Object(Closure))
#36 C:\wamp\www\repo - Copy\NMS-BlogAndWhiteV2\BlogAndWhite\vendor\laravel\framework\src\Illuminate\Cookie\Middleware\EncryptCookies.php(40): Illuminate\Pipeline\Pipeline->Illuminate\Pipeline\{closure}(Object(Illuminate\Http\Request))
#37 C:\wamp\www\repo - Copy\NMS-BlogAndWhiteV2\BlogAndWhite\vendor\laravel\framework\src\Illuminate\Pipeline\Pipeline.php(125): Illuminate\Cookie\Middleware\EncryptCookies->handle(Object(Illuminate\Http\Request), Object(Closure))
#38 C:\wamp\www\repo - Copy\NMS-BlogAndWhiteV2\BlogAndWhite\vendor\laravel\framework\src\Illuminate\Foundation\Http\Middleware\CheckForMaintenanceMode.php(42): Illuminate\Pipeline\Pipeline->Illuminate\Pipeline\{closure}(Object(Illuminate\Http\Request))
#39 C:\wamp\www\repo - Copy\NMS-BlogAndWhiteV2\BlogAndWhite\vendor\laravel\framework\src\Illuminate\Pipeline\Pipeline.php(125): Illuminate\Foundation\Http\Middleware\CheckForMaintenanceMode->handle(Object(Illuminate\Http\Request), Object(Closure))
#40 [internal function]: Illuminate\Pipeline\Pipeline->Illuminate\Pipeline\{closure}(Object(Illuminate\Http\Request))
#41 C:\wamp\www\repo - Copy\NMS-BlogAndWhiteV2\BlogAndWhite\vendor\laravel\framework\src\Illuminate\Pipeline\Pipeline.php(101): call_user_func(Object(Closure), Object(Illuminate\Http\Request))
#42 C:\wamp\www\repo - Copy\NMS-BlogAndWhiteV2\BlogAndWhite\vendor\laravel\framework\src\Illuminate\Foundation\Http\Kernel.php(115): Illuminate\Pipeline\Pipeline->then(Object(Closure))
#43 C:\wamp\www\repo - Copy\NMS-BlogAndWhiteV2\BlogAndWhite\vendor\laravel\framework\src\Illuminate\Foundation\Http\Kernel.php(84): Illuminate\Foundation\Http\Kernel->sendRequestThroughRouter(Object(Illuminate\Http\Request))
#44 C:\wamp\www\repo - Copy\NMS-BlogAndWhiteV2\BlogAndWhite\public\index.php(53): Illuminate\Foundation\Http\Kernel->handle(Object(Illuminate\Http\Request))
#45 {main}  
[2018-07-02 02:25:03] local.ERROR: exception 'ErrorException' with message 'Use of undefined constant post_id - assumed 'post_id'' in C:\wamp\www\repo - Copy\NMS-BlogAndWhiteV2\BlogAndWhite\app\Http\Controllers\PublicController.php:21
Stack trace:
#0 C:\wamp\www\repo - Copy\NMS-BlogAndWhiteV2\BlogAndWhite\app\Http\Controllers\PublicController.php(21): Illuminate\Foundation\Bootstrap\HandleExceptions->handleError(8, 'Use of undefine...', 'C:\wamp\www\rep...', 21, Array)
#1 [internal function]: App\Http\Controllers\PublicController->add_comment(Object(Illuminate\Http\Request))
#2 C:\wamp\www\repo - Copy\NMS-BlogAndWhiteV2\BlogAndWhite\vendor\laravel\framework\src\Illuminate\Routing\Controller.php(246): call_user_func_array(Array, Array)
#3 C:\wamp\www\repo - Copy\NMS-BlogAndWhiteV2\BlogAndWhite\vendor\laravel\framework\src\Illuminate\Routing\ControllerDispatcher.php(162): Illuminate\Routing\Controller->callAction('add_comment', Array)
#4 C:\wamp\www\repo - Copy\NMS-BlogAndWhiteV2\BlogAndWhite\vendor\laravel\framework\src\Illuminate\Routing\ControllerDispatcher.php(107): Illuminate\Routing\ControllerDispatcher->call(Object(App\Http\Controllers\PublicController), Object(Illuminate\Routing\Route), 'add_comment')
#5 [internal function]: Illuminate\Routing\ControllerDispatcher->Illuminate\Routing\{closure}(Object(Illuminate\Http\Request))
#6 C:\wamp\www\repo - Copy\NMS-BlogAndWhiteV2\BlogAndWhite\vendor\laravel\framework\src\Illuminate\Pipeline\Pipeline.php(141): call_user_func(Object(Closure), Object(Illuminate\Http\Request))
#7 [internal function]: Illuminate\Pipeline\Pipeline->Illuminate\Pipeline\{closure}(Object(Illuminate\Http\Request))
#8 C:\wamp\www\repo - Copy\NMS-BlogAndWhiteV2\BlogAndWhite\vendor\laravel\framework\src\Illuminate\Pipeline\Pipeline.php(101): call_user_func(Object(Closure), Object(Illuminate\Http\Request))
#9 C:\wamp\www\repo - Copy\NMS-BlogAndWhiteV2\BlogAndWhite\vendor\laravel\framework\src\Illuminate\Routing\ControllerDispatcher.php(108): Illuminate\Pipeline\Pipeline->then(Object(Closure))
#10 C:\wamp\www\repo - Copy\NMS-BlogAndWhiteV2\BlogAndWhite\vendor\laravel\framework\src\Illuminate\Routing\ControllerDispatcher.php(67): Illuminate\Routing\ControllerDispatcher->callWithinStack(Object(App\Http\Controllers\PublicController), Object(Illuminate\Routing\Route), Object(Illuminate\Http\Request), 'add_comment')
#11 C:\wamp\www\repo - Copy\NMS-BlogAndWhiteV2\BlogAndWhite\vendor\laravel\framework\src\Illuminate\Routing\Route.php(204): Illuminate\Routing\ControllerDispatcher->dispatch(Object(Illuminate\Routing\Route), Object(Illuminate\Http\Request), 'App\Http\Contro...', 'add_comment')
#12 C:\wamp\www\repo - Copy\NMS-BlogAndWhiteV2\BlogAndWhite\vendor\laravel\framework\src\Illuminate\Routing\Route.php(134): Illuminate\Routing\Route->runWithCustomDispatcher(Object(Illuminate\Http\Request))
#13 C:\wamp\www\repo - Copy\NMS-BlogAndWhiteV2\BlogAndWhite\vendor\laravel\framework\src\Illuminate\Routing\Router.php(701): Illuminate\Routing\Route->run(Object(Illuminate\Http\Request))
#14 [internal function]: Illuminate\Routing\Router->Illuminate\Routing\{closure}(Object(Illuminate\Http\Request))
#15 C:\wamp\www\repo - Copy\NMS-BlogAndWhiteV2\BlogAndWhite\vendor\laravel\framework\src\Illuminate\Pipeline\Pipeline.php(141): call_user_func(Object(Closure), Object(Illuminate\Http\Request))
#16 [internal function]: Illuminate\Pipeline\Pipeline->Illuminate\Pipeline\{closure}(Object(Illuminate\Http\Request))
#17 C:\wamp\www\repo - Copy\NMS-BlogAndWhiteV2\BlogAndWhite\vendor\laravel\framework\src\Illuminate\Pipeline\Pipeline.php(101): call_user_func(Object(Closure), Object(Illuminate\Http\Request))
#18 C:\wamp\www\repo - Copy\NMS-BlogAndWhiteV2\BlogAndWhite\vendor\laravel\framework\src\Illuminate\Routing\Router.php(703): Illuminate\Pipeline\Pipeline->then(Object(Closure))
#19 C:\wamp\www\repo - Copy\NMS-BlogAndWhiteV2\BlogAndWhite\vendor\laravel\framework\src\Illuminate\Routing\Router.php(670): Illuminate\Routing\Router->runRouteWithinStack(Object(Illuminate\Routing\Route), Object(Illuminate\Http\Request))
#20 C:\wamp\www\repo - Copy\NMS-BlogAndWhiteV2\BlogAndWhite\vendor\laravel\framework\src\Illuminate\Routing\Router.php(628): Illuminate\Routing\Router->dispatchToRoute(Object(Illuminate\Http\Request))
#21 C:\wamp\www\repo - Copy\NMS-BlogAndWhiteV2\BlogAndWhite\vendor\laravel\framework\src\Illuminate\Foundation\Http\Kernel.php(214): Illuminate\Routing\Router->dispatch(Object(Illuminate\Http\Request))
#22 [internal function]: Illuminate\Foundation\Http\Kernel->Illuminate\Foundation\Http\{closure}(Object(Illuminate\Http\Request))
#23 C:\wamp\www\repo - Copy\NMS-BlogAndWhiteV2\BlogAndWhite\vendor\laravel\framework\src\Illuminate\Pipeline\Pipeline.php(141): call_user_func(Object(Closure), Object(Illuminate\Http\Request))
#24 C:\wamp\www\repo - Copy\NMS-BlogAndWhiteV2\BlogAndWhite\vendor\laravel\framework\src\Illuminate\Foundation\Http\Middleware\VerifyCsrfToken.php(43): Illuminate\Pipeline\Pipeline->Illuminate\Pipeline\{closure}(Object(Illuminate\Http\Request))
#25 C:\wamp\www\repo - Copy\NMS-BlogAndWhiteV2\BlogAndWhite\app\Http\Middleware\VerifyCsrfToken.php(17): Illuminate\Foundation\Http\Middleware\VerifyCsrfToken->handle(Object(Illuminate\Http\Request), Object(Closure))
#26 C:\wamp\www\repo - Copy\NMS-BlogAndWhiteV2\BlogAndWhite\vendor\laravel\framework\src\Illuminate\Pipeline\Pipeline.php(125): App\Http\Middleware\VerifyCsrfToken->handle(Object(Illuminate\Http\Request), Object(Closure))
#27 C:\wamp\www\repo - Copy\NMS-BlogAndWhiteV2\BlogAndWhite\vendor\laravel\framework\src\Illuminate\View\Middleware\ShareErrorsFromSession.php(55): Illuminate\Pipeline\Pipeline->Illuminate\Pipeline\{closure}(Object(Illuminate\Http\Request))
#28 C:\wamp\www\repo - Copy\NMS-BlogAndWhiteV2\BlogAndWhite\vendor\laravel\framework\src\Illuminate\Pipeline\Pipeline.php(125): Illuminate\View\Middleware\ShareErrorsFromSession->handle(Object(Illuminate\Http\Request), Object(Closure))
#29 C:\wamp\www\repo - Copy\NMS-BlogAndWhiteV2\BlogAndWhite\vendor\laravel\framework\src\Illuminate\Session\Middleware\StartSession.php(61): Illuminate\Pipeline\Pipeline->Illuminate\Pipeline\{closure}(Object(Illuminate\Http\Request))
#30 C:\wamp\www\repo - Copy\NMS-BlogAndWhiteV2\BlogAndWhite\vendor\laravel\framework\src\Illuminate\Pipeline\Pipeline.php(125): Illuminate\Session\Middleware\StartSession->handle(Object(Illuminate\Http\Request), Object(Closure))
#31 C:\wamp\www\repo - Copy\NMS-BlogAndWhiteV2\BlogAndWhite\vendor\laravel\framework\src\Illuminate\Cookie\Middleware\AddQueuedCookiesToResponse.php(36): Illuminate\Pipeline\Pipeline->Illuminate\Pipeline\{closure}(Object(Illuminate\Http\Request))
#32 C:\wamp\www\repo - Copy\NMS-BlogAndWhiteV2\BlogAndWhite\vendor\laravel\framework\src\Illuminate\Pipeline\Pipeline.php(125): Illuminate\Cookie\Middleware\AddQueuedCookiesToResponse->handle(Object(Illuminate\Http\Request), Object(Closure))
#33 C:\wamp\www\repo - Copy\NMS-BlogAndWhiteV2\BlogAndWhite\vendor\laravel\framework\src\Illuminate\Cookie\Middleware\EncryptCookies.php(40): Illuminate\Pipeline\Pipeline->Illuminate\Pipeline\{closure}(Object(Illuminate\Http\Request))
#34 C:\wamp\www\repo - Copy\NMS-BlogAndWhiteV2\BlogAndWhite\vendor\laravel\framework\src\Illuminate\Pipeline\Pipeline.php(125): Illuminate\Cookie\Middleware\EncryptCookies->handle(Object(Illuminate\Http\Request), Object(Closure))
#35 C:\wamp\www\repo - Copy\NMS-BlogAndWhiteV2\BlogAndWhite\vendor\laravel\framework\src\Illuminate\Foundation\Http\Middleware\CheckForMaintenanceMode.php(42): Illuminate\Pipeline\Pipeline->Illuminate\Pipeline\{closure}(Object(Illuminate\Http\Request))
#36 C:\wamp\www\repo - Copy\NMS-BlogAndWhiteV2\BlogAndWhite\vendor\laravel\framework\src\Illuminate\Pipeline\Pipeline.php(125): Illuminate\Foundation\Http\Middleware\CheckForMaintenanceMode->handle(Object(Illuminate\Http\Request), Object(Closure))
#37 [internal function]: Illuminate\Pipeline\Pipeline->Illuminate\Pipeline\{closure}(Object(Illuminate\Http\Request))
#38 C:\wamp\www\repo - Copy\NMS-BlogAndWhiteV2\BlogAndWhite\vendor\laravel\framework\src\Illuminate\Pipeline\Pipeline.php(101): call_user_func(Object(Closure), Object(Illuminate\Http\Request))
#39 C:\wamp\www\repo - Copy\NMS-BlogAndWhiteV2\BlogAndWhite\vendor\laravel\framework\src\Illuminate\Foundation\Http\Kernel.php(115): Illuminate\Pipeline\Pipeline->then(Object(Closure))
#40 C:\wamp\www\repo - Copy\NMS-BlogAndWhiteV2\BlogAndWhite\vendor\laravel\framework\src\Illuminate\Foundation\Http\Kernel.php(84): Illuminate\Foundation\Http\Kernel->sendRequestThroughRouter(Object(Illuminate\Http\Request))
#41 C:\wamp\www\repo - Copy\NMS-BlogAndWhiteV2\BlogAndWhite\public\index.php(53): Illuminate\Foundation\Http\Kernel->handle(Object(Illuminate\Http\Request))
#42 {main}  
[2018-07-02 02:25:37] local.ERROR: exception 'Symfony\Component\Debug\Exception\FatalErrorException' with message 'syntax error, unexpected '' (T_ENCAPSED_AND_WHITESPACE), expecting identifier (T_STRING) or variable (T_VARIABLE) or number (T_NUM_STRING)' in C:\wamp\www\repo - Copy\NMS-BlogAndWhiteV2\BlogAndWhite\app\Http\Controllers\PublicController.php:21
Stack trace:
#0 C:\wamp\www\repo - Copy\NMS-BlogAndWhiteV2\BlogAndWhite\vendor\laravel\framework\src\Illuminate\Foundation\Bootstrap\HandleExceptions.php(131): Symfony\Component\Debug\Exception\FatalErrorException->__construct()
#1 C:\wamp\www\repo - Copy\NMS-BlogAndWhiteV2\BlogAndWhite\vendor\laravel\framework\src\Illuminate\Foundation\Bootstrap\HandleExceptions.php(116): Illuminate\Foundation\Bootstrap\HandleExceptions->fatalExceptionFromError()
#2 C:\wamp\www\repo - Copy\NMS-BlogAndWhiteV2\BlogAndWhite\vendor\laravel\framework\src\Illuminate\Foundation\Bootstrap\HandleExceptions.php(0): Illuminate\Foundation\Bootstrap\HandleExceptions->handleShutdown()
#3 C:\wamp\www\repo - Copy\NMS-BlogAndWhiteV2\BlogAndWhite\vendor\composer\ClassLoader.php(322): Composer\Autoload\includeFile()
#4 C:\wamp\www\repo - Copy\NMS-BlogAndWhiteV2\BlogAndWhite\vendor\laravel\framework\src\Illuminate\Container\Container.php(0): Composer\Autoload\ClassLoader->loadClass()
#5 C:\wamp\www\repo - Copy\NMS-BlogAndWhiteV2\BlogAndWhite\vendor\laravel\framework\src\Illuminate\Container\Container.php(779): ReflectionClass->__construct()
#6 C:\wamp\www\repo - Copy\NMS-BlogAndWhiteV2\BlogAndWhite\vendor\laravel\framework\src\Illuminate\Container\Container.php(659): Illuminate\Container\Container->build()
#7 C:\wamp\www\repo - Copy\NMS-BlogAndWhiteV2\BlogAndWhite\vendor\laravel\framework\src\Illuminate\Foundation\Application.php(644): Illuminate\Container\Container->make()
#8 C:\wamp\www\repo - Copy\NMS-BlogAndWhiteV2\BlogAndWhite\vendor\laravel\framework\src\Illuminate\Routing\ControllerDispatcher.php(83): Illuminate\Foundation\Application->make()
#9 C:\wamp\www\repo - Copy\NMS-BlogAndWhiteV2\BlogAndWhite\vendor\laravel\framework\src\Illuminate\Routing\ControllerDispatcher.php(54): Illuminate\Routing\ControllerDispatcher->makeController()
#10 C:\wamp\www\repo - Copy\NMS-BlogAndWhiteV2\BlogAndWhite\vendor\laravel\framework\src\Illuminate\Routing\Route.php(204): Illuminate\Routing\ControllerDispatcher->dispatch()
#11 C:\wamp\www\repo - Copy\NMS-BlogAndWhiteV2\BlogAndWhite\vendor\laravel\framework\src\Illuminate\Routing\Route.php(134): Illuminate\Routing\Route->runWithCustomDispatcher()
#12 C:\wamp\www\repo - Copy\NMS-BlogAndWhiteV2\BlogAndWhite\vendor\laravel\framework\src\Illuminate\Routing\Router.php(701): Illuminate\Routing\Route->run()
#13 C:\wamp\www\repo - Copy\NMS-BlogAndWhiteV2\BlogAndWhite\vendor\laravel\framework\src\Illuminate\Pipeline\Pipeline.php(141): Illuminate\Routing\Router->Illuminate\Routing\{closure}()
#14 C:\wamp\www\repo - Copy\NMS-BlogAndWhiteV2\BlogAndWhite\vendor\laravel\framework\src\Illuminate\Pipeline\Pipeline.php(141): call_user_func()
#15 C:\wamp\www\repo - Copy\NMS-BlogAndWhiteV2\BlogAndWhite\vendor\laravel\framework\src\Illuminate\Pipeline\Pipeline.php(101): Illuminate\Pipeline\Pipeline->Illuminate\Pipeline\{closure}()
#16 C:\wamp\www\repo - Copy\NMS-BlogAndWhiteV2\BlogAndWhite\vendor\laravel\framework\src\Illuminate\Pipeline\Pipeline.php(101): call_user_func()
#17 C:\wamp\www\repo - Copy\NMS-BlogAndWhiteV2\BlogAndWhite\vendor\laravel\framework\src\Illuminate\Routing\Router.php(703): Illuminate\Pipeline\Pipeline->then()
#18 C:\wamp\www\repo - Copy\NMS-BlogAndWhiteV2\BlogAndWhite\vendor\laravel\framework\src\Illuminate\Routing\Router.php(670): Illuminate\Routing\Router->runRouteWithinStack()
#19 C:\wamp\www\repo - Copy\NMS-BlogAndWhiteV2\BlogAndWhite\vendor\laravel\framework\src\Illuminate\Routing\Router.php(628): Illuminate\Routing\Router->dispatchToRoute()
#20 C:\wamp\www\repo - Copy\NMS-BlogAndWhiteV2\BlogAndWhite\vendor\laravel\framework\src\Illuminate\Foundation\Http\Kernel.php(214): Illuminate\Routing\Router->dispatch()
#21 C:\wamp\www\repo - Copy\NMS-BlogAndWhiteV2\BlogAndWhite\vendor\laravel\framework\src\Illuminate\Pipeline\Pipeline.php(141): Illuminate\Foundation\Http\Kernel->Illuminate\Foundation\Http\{closure}()
#22 C:\wamp\www\repo - Copy\NMS-BlogAndWhiteV2\BlogAndWhite\vendor\laravel\framework\src\Illuminate\Pipeline\Pipeline.php(141): call_user_func()
#23 C:\wamp\www\repo - Copy\NMS-BlogAndWhiteV2\BlogAndWhite\vendor\laravel\framework\src\Illuminate\Foundation\Http\Middleware\VerifyCsrfToken.php(43): Illuminate\Pipeline\Pipeline->Illuminate\Pipeline\{closure}()
#24 C:\wamp\www\repo - Copy\NMS-BlogAndWhiteV2\BlogAndWhite\app\Http\Middleware\VerifyCsrfToken.php(17): Illuminate\Foundation\Http\Middleware\VerifyCsrfToken->handle()
#25 C:\wamp\www\repo - Copy\NMS-BlogAndWhiteV2\BlogAndWhite\vendor\laravel\framework\src\Illuminate\Pipeline\Pipeline.php(125): App\Http\Middleware\VerifyCsrfToken->handle()
#26 C:\wamp\www\repo - Copy\NMS-BlogAndWhiteV2\BlogAndWhite\vendor\laravel\framework\src\Illuminate\View\Middleware\ShareErrorsFromSession.php(55): Illuminate\Pipeline\Pipeline->Illuminate\Pipeline\{closure}()
#27 C:\wamp\www\repo - Copy\NMS-BlogAndWhiteV2\BlogAndWhite\vendor\laravel\framework\src\Illuminate\Pipeline\Pipeline.php(125): Illuminate\View\Middleware\ShareErrorsFromSession->handle()
#28 C:\wamp\www\repo - Copy\NMS-BlogAndWhiteV2\BlogAndWhite\vendor\laravel\framework\src\Illuminate\Session\Middleware\StartSession.php(61): Illuminate\Pipeline\Pipeline->Illuminate\Pipeline\{closure}()
#29 C:\wamp\www\repo - Copy\NMS-BlogAndWhiteV2\BlogAndWhite\vendor\laravel\framework\src\Illuminate\Pipeline\Pipeline.php(125): Illuminate\Session\Middleware\StartSession->handle()
#30 C:\wamp\www\repo - Copy\NMS-BlogAndWhiteV2\BlogAndWhite\vendor\laravel\framework\src\Illuminate\Cookie\Middleware\AddQueuedCookiesToResponse.php(36): Illuminate\Pipeline\Pipeline->Illuminate\Pipeline\{closure}()
#31 C:\wamp\www\repo - Copy\NMS-BlogAndWhiteV2\BlogAndWhite\vendor\laravel\framework\src\Illuminate\Pipeline\Pipeline.php(125): Illuminate\Cookie\Middleware\AddQueuedCookiesToResponse->handle()
#32 C:\wamp\www\repo - Copy\NMS-BlogAndWhiteV2\BlogAndWhite\vendor\laravel\framework\src\Illuminate\Cookie\Middleware\EncryptCookies.php(40): Illuminate\Pipeline\Pipeline->Illuminate\Pipeline\{closure}()
#33 C:\wamp\www\repo - Copy\NMS-BlogAndWhiteV2\BlogAndWhite\vendor\laravel\framework\src\Illuminate\Pipeline\Pipeline.php(125): Illuminate\Cookie\Middleware\EncryptCookies->handle()
#34 C:\wamp\www\repo - Copy\NMS-BlogAndWhiteV2\BlogAndWhite\vendor\laravel\framework\src\Illuminate\Foundation\Http\Middleware\CheckForMaintenanceMode.php(42): Illuminate\Pipeline\Pipeline->Illuminate\Pipeline\{closure}()
#35 C:\wamp\www\repo - Copy\NMS-BlogAndWhiteV2\BlogAndWhite\vendor\laravel\framework\src\Illuminate\Pipeline\Pipeline.php(125): Illuminate\Foundation\Http\Middleware\CheckForMaintenanceMode->handle()
#36 C:\wamp\www\repo - Copy\NMS-BlogAndWhiteV2\BlogAndWhite\vendor\laravel\framework\src\Illuminate\Pipeline\Pipeline.php(101): Illuminate\Pipeline\Pipeline->Illuminate\Pipeline\{closure}()
#37 C:\wamp\www\repo - Copy\NMS-BlogAndWhiteV2\BlogAndWhite\vendor\laravel\framework\src\Illuminate\Pipeline\Pipeline.php(101): call_user_func()
#38 C:\wamp\www\repo - Copy\NMS-BlogAndWhiteV2\BlogAndWhite\vendor\laravel\framework\src\Illuminate\Foundation\Http\Kernel.php(115): Illuminate\Pipeline\Pipeline->then()
#39 C:\wamp\www\repo - Copy\NMS-BlogAndWhiteV2\BlogAndWhite\vendor\laravel\framework\src\Illuminate\Foundation\Http\Kernel.php(84): Illuminate\Foundation\Http\Kernel->sendRequestThroughRouter()
#40 C:\wamp\www\repo - Copy\NMS-BlogAndWhiteV2\BlogAndWhite\public\index.php(53): Illuminate\Foundation\Http\Kernel->handle()
#41 C:\wamp\www\repo - Copy\NMS-BlogAndWhiteV2\BlogAndWhite\public\index.php(0): {main}()
#42 {main}  
[2018-07-02 02:28:19] local.ERROR: exception 'Symfony\Component\Debug\Exception\FatalErrorException' with message 'syntax error, unexpected '' (T_ENCAPSED_AND_WHITESPACE), expecting identifier (T_STRING) or variable (T_VARIABLE) or number (T_NUM_STRING)' in C:\wamp\www\repo - Copy\NMS-BlogAndWhiteV2\BlogAndWhite\app\Http\Controllers\PublicController.php:22
Stack trace:
#0 C:\wamp\www\repo - Copy\NMS-BlogAndWhiteV2\BlogAndWhite\vendor\laravel\framework\src\Illuminate\Foundation\Bootstrap\HandleExceptions.php(131): Symfony\Component\Debug\Exception\FatalErrorException->__construct()
#1 C:\wamp\www\repo - Copy\NMS-BlogAndWhiteV2\BlogAndWhite\vendor\laravel\framework\src\Illuminate\Foundation\Bootstrap\HandleExceptions.php(116): Illuminate\Foundation\Bootstrap\HandleExceptions->fatalExceptionFromError()
#2 C:\wamp\www\repo - Copy\NMS-BlogAndWhiteV2\BlogAndWhite\vendor\laravel\framework\src\Illuminate\Foundation\Bootstrap\HandleExceptions.php(0): Illuminate\Foundation\Bootstrap\HandleExceptions->handleShutdown()
#3 C:\wamp\www\repo - Copy\NMS-BlogAndWhiteV2\BlogAndWhite\vendor\composer\ClassLoader.php(322): Composer\Autoload\includeFile()
#4 C:\wamp\www\repo - Copy\NMS-BlogAndWhiteV2\BlogAndWhite\vendor\laravel\framework\src\Illuminate\Container\Container.php(0): Composer\Autoload\ClassLoader->loadClass()
#5 C:\wamp\www\repo - Copy\NMS-BlogAndWhiteV2\BlogAndWhite\vendor\laravel\framework\src\Illuminate\Container\Container.php(779): ReflectionClass->__construct()
#6 C:\wamp\www\repo - Copy\NMS-BlogAndWhiteV2\BlogAndWhite\vendor\laravel\framework\src\Illuminate\Container\Container.php(659): Illuminate\Container\Container->build()
#7 C:\wamp\www\repo - Copy\NMS-BlogAndWhiteV2\BlogAndWhite\vendor\laravel\framework\src\Illuminate\Foundation\Application.php(644): Illuminate\Container\Container->make()
#8 C:\wamp\www\repo - Copy\NMS-BlogAndWhiteV2\BlogAndWhite\vendor\laravel\framework\src\Illuminate\Routing\ControllerDispatcher.php(83): Illuminate\Foundation\Application->make()
#9 C:\wamp\www\repo - Copy\NMS-BlogAndWhiteV2\BlogAndWhite\vendor\laravel\framework\src\Illuminate\Routing\ControllerDispatcher.php(54): Illuminate\Routing\ControllerDispatcher->makeController()
#10 C:\wamp\www\repo - Copy\NMS-BlogAndWhiteV2\BlogAndWhite\vendor\laravel\framework\src\Illuminate\Routing\Route.php(204): Illuminate\Routing\ControllerDispatcher->dispatch()
#11 C:\wamp\www\repo - Copy\NMS-BlogAndWhiteV2\BlogAndWhite\vendor\laravel\framework\src\Illuminate\Routing\Route.php(134): Illuminate\Routing\Route->runWithCustomDispatcher()
#12 C:\wamp\www\repo - Copy\NMS-BlogAndWhiteV2\BlogAndWhite\vendor\laravel\framework\src\Illuminate\Routing\Router.php(701): Illuminate\Routing\Route->run()
#13 C:\wamp\www\repo - Copy\NMS-BlogAndWhiteV2\BlogAndWhite\vendor\laravel\framework\src\Illuminate\Pipeline\Pipeline.php(141): Illuminate\Routing\Router->Illuminate\Routing\{closure}()
#14 C:\wamp\www\repo - Copy\NMS-BlogAndWhiteV2\BlogAndWhite\vendor\laravel\framework\src\Illuminate\Pipeline\Pipeline.php(141): call_user_func()
#15 C:\wamp\www\repo - Copy\NMS-BlogAndWhiteV2\BlogAndWhite\vendor\laravel\framework\src\Illuminate\Pipeline\Pipeline.php(101): Illuminate\Pipeline\Pipeline->Illuminate\Pipeline\{closure}()
#16 C:\wamp\www\repo - Copy\NMS-BlogAndWhiteV2\BlogAndWhite\vendor\laravel\framework\src\Illuminate\Pipeline\Pipeline.php(101): call_user_func()
#17 C:\wamp\www\repo - Copy\NMS-BlogAndWhiteV2\BlogAndWhite\vendor\laravel\framework\src\Illuminate\Routing\Router.php(703): Illuminate\Pipeline\Pipeline->then()
#18 C:\wamp\www\repo - Copy\NMS-BlogAndWhiteV2\BlogAndWhite\vendor\laravel\framework\src\Illuminate\Routing\Router.php(670): Illuminate\Routing\Router->runRouteWithinStack()
#19 C:\wamp\www\repo - Copy\NMS-BlogAndWhiteV2\BlogAndWhite\vendor\laravel\framework\src\Illuminate\Routing\Router.php(628): Illuminate\Routing\Router->dispatchToRoute()
#20 C:\wamp\www\repo - Copy\NMS-BlogAndWhiteV2\BlogAndWhite\vendor\laravel\framework\src\Illuminate\Foundation\Http\Kernel.php(214): Illuminate\Routing\Router->dispatch()
#21 C:\wamp\www\repo - Copy\NMS-BlogAndWhiteV2\BlogAndWhite\vendor\laravel\framework\src\Illuminate\Pipeline\Pipeline.php(141): Illuminate\Foundation\Http\Kernel->Illuminate\Foundation\Http\{closure}()
#22 C:\wamp\www\repo - Copy\NMS-BlogAndWhiteV2\BlogAndWhite\vendor\laravel\framework\src\Illuminate\Pipeline\Pipeline.php(141): call_user_func()
#23 C:\wamp\www\repo - Copy\NMS-BlogAndWhiteV2\BlogAndWhite\vendor\laravel\framework\src\Illuminate\Foundation\Http\Middleware\VerifyCsrfToken.php(43): Illuminate\Pipeline\Pipeline->Illuminate\Pipeline\{closure}()
#24 C:\wamp\www\repo - Copy\NMS-BlogAndWhiteV2\BlogAndWhite\app\Http\Middleware\VerifyCsrfToken.php(17): Illuminate\Foundation\Http\Middleware\VerifyCsrfToken->handle()
#25 C:\wamp\www\repo - Copy\NMS-BlogAndWhiteV2\BlogAndWhite\vendor\laravel\framework\src\Illuminate\Pipeline\Pipeline.php(125): App\Http\Middleware\VerifyCsrfToken->handle()
#26 C:\wamp\www\repo - Copy\NMS-BlogAndWhiteV2\BlogAndWhite\vendor\laravel\framework\src\Illuminate\View\Middleware\ShareErrorsFromSession.php(55): Illuminate\Pipeline\Pipeline->Illuminate\Pipeline\{closure}()
#27 C:\wamp\www\repo - Copy\NMS-BlogAndWhiteV2\BlogAndWhite\vendor\laravel\framework\src\Illuminate\Pipeline\Pipeline.php(125): Illuminate\View\Middleware\ShareErrorsFromSession->handle()
#28 C:\wamp\www\repo - Copy\NMS-BlogAndWhiteV2\BlogAndWhite\vendor\laravel\framework\src\Illuminate\Session\Middleware\StartSession.php(61): Illuminate\Pipeline\Pipeline->Illuminate\Pipeline\{closure}()
#29 C:\wamp\www\repo - Copy\NMS-BlogAndWhiteV2\BlogAndWhite\vendor\laravel\framework\src\Illuminate\Pipeline\Pipeline.php(125): Illuminate\Session\Middleware\StartSession->handle()
#30 C:\wamp\www\repo - Copy\NMS-BlogAndWhiteV2\BlogAndWhite\vendor\laravel\framework\src\Illuminate\Cookie\Middleware\AddQueuedCookiesToResponse.php(36): Illuminate\Pipeline\Pipeline->Illuminate\Pipeline\{closure}()
#31 C:\wamp\www\repo - Copy\NMS-BlogAndWhiteV2\BlogAndWhite\vendor\laravel\framework\src\Illuminate\Pipeline\Pipeline.php(125): Illuminate\Cookie\Middleware\AddQueuedCookiesToResponse->handle()
#32 C:\wamp\www\repo - Copy\NMS-BlogAndWhiteV2\BlogAndWhite\vendor\laravel\framework\src\Illuminate\Cookie\Middleware\EncryptCookies.php(40): Illuminate\Pipeline\Pipeline->Illuminate\Pipeline\{closure}()
#33 C:\wamp\www\repo - Copy\NMS-BlogAndWhiteV2\BlogAndWhite\vendor\laravel\framework\src\Illuminate\Pipeline\Pipeline.php(125): Illuminate\Cookie\Middleware\EncryptCookies->handle()
#34 C:\wamp\www\repo - Copy\NMS-BlogAndWhiteV2\BlogAndWhite\vendor\laravel\framework\src\Illuminate\Foundation\Http\Middleware\CheckForMaintenanceMode.php(42): Illuminate\Pipeline\Pipeline->Illuminate\Pipeline\{closure}()
#35 C:\wamp\www\repo - Copy\NMS-BlogAndWhiteV2\BlogAndWhite\vendor\laravel\framework\src\Illuminate\Pipeline\Pipeline.php(125): Illuminate\Foundation\Http\Middleware\CheckForMaintenanceMode->handle()
#36 C:\wamp\www\repo - Copy\NMS-BlogAndWhiteV2\BlogAndWhite\vendor\laravel\framework\src\Illuminate\Pipeline\Pipeline.php(101): Illuminate\Pipeline\Pipeline->Illuminate\Pipeline\{closure}()
#37 C:\wamp\www\repo - Copy\NMS-BlogAndWhiteV2\BlogAndWhite\vendor\laravel\framework\src\Illuminate\Pipeline\Pipeline.php(101): call_user_func()
#38 C:\wamp\www\repo - Copy\NMS-BlogAndWhiteV2\BlogAndWhite\vendor\laravel\framework\src\Illuminate\Foundation\Http\Kernel.php(115): Illuminate\Pipeline\Pipeline->then()
#39 C:\wamp\www\repo - Copy\NMS-BlogAndWhiteV2\BlogAndWhite\vendor\laravel\framework\src\Illuminate\Foundation\Http\Kernel.php(84): Illuminate\Foundation\Http\Kernel->sendRequestThroughRouter()
#40 C:\wamp\www\repo - Copy\NMS-BlogAndWhiteV2\BlogAndWhite\public\index.php(53): Illuminate\Foundation\Http\Kernel->handle()
#41 C:\wamp\www\repo - Copy\NMS-BlogAndWhiteV2\BlogAndWhite\public\index.php(0): {main}()
#42 {main}  
