[2018-07-03 01:20:44] local.ERROR: exception 'PDOException' with message 'SQLSTATE[HY000] [2002] A connection attempt failed because the connected party did not properly respond after a period of time, or established connection failed because connected host has failed to respond.
' in C:\wamp\www\NMS-BlogAndWhiteV2\BlogAndWhite\vendor\laravel\framework\src\Illuminate\Database\Connectors\Connector.php:47
Stack trace:
#0 C:\wamp\www\NMS-BlogAndWhiteV2\BlogAndWhite\vendor\laravel\framework\src\Illuminate\Database\Connectors\Connector.php(47): PDO->__construct('mysql:host=mysq...', 'u20180611142657', '20180611142657', Array)
#1 C:\wamp\www\NMS-BlogAndWhiteV2\BlogAndWhite\vendor\laravel\framework\src\Illuminate\Database\Connectors\MySqlConnector.php(20): Illuminate\Database\Connectors\Connector->createConnection('mysql:host=mysq...', Array, Array)
#2 C:\wamp\www\NMS-BlogAndWhiteV2\BlogAndWhite\vendor\laravel\framework\src\Illuminate\Database\Connectors\ConnectionFactory.php(58): Illuminate\Database\Connectors\MySqlConnector->connect(Array)
#3 C:\wamp\www\NMS-BlogAndWhiteV2\BlogAndWhite\vendor\laravel\framework\src\Illuminate\Database\Connectors\ConnectionFactory.php(47): Illuminate\Database\Connectors\ConnectionFactory->createSingleConnection(Array)
#4 C:\wamp\www\NMS-BlogAndWhiteV2\BlogAndWhite\vendor\laravel\framework\src\Illuminate\Database\DatabaseManager.php(177): Illuminate\Database\Connectors\ConnectionFactory->make(Array, 'mysql')
#5 C:\wamp\www\NMS-BlogAndWhiteV2\BlogAndWhite\vendor\laravel\framework\src\Illuminate\Database\DatabaseManager.php(65): Illuminate\Database\DatabaseManager->makeConnection('mysql')
#6 C:\wamp\www\NMS-BlogAndWhiteV2\BlogAndWhite\vendor\laravel\framework\src\Illuminate\Database\DatabaseManager.php(304): Illuminate\Database\DatabaseManager->connection()
#7 C:\wamp\www\NMS-BlogAndWhiteV2\BlogAndWhite\vendor\laravel\framework\src\Illuminate\Support\Facades\Facade.php(210): Illuminate\Database\DatabaseManager->__call('table', Array)
#8 C:\wamp\www\NMS-BlogAndWhiteV2\BlogAndWhite\vendor\laravel\framework\src\Illuminate\Support\Facades\Facade.php(210): Illuminate\Database\DatabaseManager->table('users AS a')
#9 C:\wamp\www\NMS-BlogAndWhiteV2\BlogAndWhite\app\Models\TblAccounts.php(67): Illuminate\Support\Facades\Facade::__callStatic('table', Array)
#10 C:\wamp\www\NMS-BlogAndWhiteV2\BlogAndWhite\app\Models\TblAccounts.php(67): Illuminate\Support\Facades\DB::table('users AS a')
#11 C:\wamp\www\NMS-BlogAndWhiteV2\BlogAndWhite\app\Http\Controllers\RegistrationController.php(35): App\Models\TblAccounts::username_checker('aikavien')
#12 [internal function]: App\Http\Controllers\RegistrationController->add_account(Object(Illuminate\Http\Request))
#13 C:\wamp\www\NMS-BlogAndWhiteV2\BlogAndWhite\vendor\laravel\framework\src\Illuminate\Routing\Controller.php(246): call_user_func_array(Array, Array)
#14 C:\wamp\www\NMS-BlogAndWhiteV2\BlogAndWhite\vendor\laravel\framework\src\Illuminate\Routing\ControllerDispatcher.php(162): Illuminate\Routing\Controller->callAction('add_account', Array)
#15 C:\wamp\www\NMS-BlogAndWhiteV2\BlogAndWhite\vendor\laravel\framework\src\Illuminate\Routing\ControllerDispatcher.php(107): Illuminate\Routing\ControllerDispatcher->call(Object(App\Http\Controllers\RegistrationController), Object(Illuminate\Routing\Route), 'add_account')
#16 [internal function]: Illuminate\Routing\ControllerDispatcher->Illuminate\Routing\{closure}(Object(Illuminate\Http\Request))
#17 C:\wamp\www\NMS-BlogAndWhiteV2\BlogAndWhite\vendor\laravel\framework\src\Illuminate\Pipeline\Pipeline.php(141): call_user_func(Object(Closure), Object(Illuminate\Http\Request))
#18 [internal function]: Illuminate\Pipeline\Pipeline->Illuminate\Pipeline\{closure}(Object(Illuminate\Http\Request))
#19 C:\wamp\www\NMS-BlogAndWhiteV2\BlogAndWhite\vendor\laravel\framework\src\Illuminate\Pipeline\Pipeline.php(101): call_user_func(Object(Closure), Object(Illuminate\Http\Request))
#20 C:\wamp\www\NMS-BlogAndWhiteV2\BlogAndWhite\vendor\laravel\framework\src\Illuminate\Routing\ControllerDispatcher.php(108): Illuminate\Pipeline\Pipeline->then(Object(Closure))
#21 C:\wamp\www\NMS-BlogAndWhiteV2\BlogAndWhite\vendor\laravel\framework\src\Illuminate\Routing\ControllerDispatcher.php(67): Illuminate\Routing\ControllerDispatcher->callWithinStack(Object(App\Http\Controllers\RegistrationController), Object(Illuminate\Routing\Route), Object(Illuminate\Http\Request), 'add_account')
#22 C:\wamp\www\NMS-BlogAndWhiteV2\BlogAndWhite\vendor\laravel\framework\src\Illuminate\Routing\Route.php(204): Illuminate\Routing\ControllerDispatcher->dispatch(Object(Illuminate\Routing\Route), Object(Illuminate\Http\Request), 'App\Http\Contro...', 'add_account')
#23 C:\wamp\www\NMS-BlogAndWhiteV2\BlogAndWhite\vendor\laravel\framework\src\Illuminate\Routing\Route.php(134): Illuminate\Routing\Route->runWithCustomDispatcher(Object(Illuminate\Http\Request))
#24 C:\wamp\www\NMS-BlogAndWhiteV2\BlogAndWhite\vendor\laravel\framework\src\Illuminate\Routing\Router.php(701): Illuminate\Routing\Route->run(Object(Illuminate\Http\Request))
#25 [internal function]: Illuminate\Routing\Router->Illuminate\Routing\{closure}(Object(Illuminate\Http\Request))
#26 C:\wamp\www\NMS-BlogAndWhiteV2\BlogAndWhite\vendor\laravel\framework\src\Illuminate\Pipeline\Pipeline.php(141): call_user_func(Object(Closure), Object(Illuminate\Http\Request))
#27 [internal function]: Illuminate\Pipeline\Pipeline->Illuminate\Pipeline\{closure}(Object(Illuminate\Http\Request))
#28 C:\wamp\www\NMS-BlogAndWhiteV2\BlogAndWhite\vendor\laravel\framework\src\Illuminate\Pipeline\Pipeline.php(101): call_user_func(Object(Closure), Object(Illuminate\Http\Request))
#29 C:\wamp\www\NMS-BlogAndWhiteV2\BlogAndWhite\vendor\laravel\framework\src\Illuminate\Routing\Router.php(703): Illuminate\Pipeline\Pipeline->then(Object(Closure))
#30 C:\wamp\www\NMS-BlogAndWhiteV2\BlogAndWhite\vendor\laravel\framework\src\Illuminate\Routing\Router.php(670): Illuminate\Routing\Router->runRouteWithinStack(Object(Illuminate\Routing\Route), Object(Illuminate\Http\Request))
#31 C:\wamp\www\NMS-BlogAndWhiteV2\BlogAndWhite\vendor\laravel\framework\src\Illuminate\Routing\Router.php(628): Illuminate\Routing\Router->dispatchToRoute(Object(Illuminate\Http\Request))
#32 C:\wamp\www\NMS-BlogAndWhiteV2\BlogAndWhite\vendor\laravel\framework\src\Illuminate\Foundation\Http\Kernel.php(214): Illuminate\Routing\Router->dispatch(Object(Illuminate\Http\Request))
#33 [internal function]: Illuminate\Foundation\Http\Kernel->Illuminate\Foundation\Http\{closure}(Object(Illuminate\Http\Request))
#34 C:\wamp\www\NMS-BlogAndWhiteV2\BlogAndWhite\vendor\laravel\framework\src\Illuminate\Pipeline\Pipeline.php(141): call_user_func(Object(Closure), Object(Illuminate\Http\Request))
#35 C:\wamp\www\NMS-BlogAndWhiteV2\BlogAndWhite\vendor\laravel\framework\src\Illuminate\Foundation\Http\Middleware\VerifyCsrfToken.php(43): Illuminate\Pipeline\Pipeline->Illuminate\Pipeline\{closure}(Object(Illuminate\Http\Request))
#36 C:\wamp\www\NMS-BlogAndWhiteV2\BlogAndWhite\app\Http\Middleware\VerifyCsrfToken.php(17): Illuminate\Foundation\Http\Middleware\VerifyCsrfToken->handle(Object(Illuminate\Http\Request), Object(Closure))
#37 C:\wamp\www\NMS-BlogAndWhiteV2\BlogAndWhite\vendor\laravel\framework\src\Illuminate\Pipeline\Pipeline.php(125): App\Http\Middleware\VerifyCsrfToken->handle(Object(Illuminate\Http\Request), Object(Closure))
#38 C:\wamp\www\NMS-BlogAndWhiteV2\BlogAndWhite\vendor\laravel\framework\src\Illuminate\View\Middleware\ShareErrorsFromSession.php(55): Illuminate\Pipeline\Pipeline->Illuminate\Pipeline\{closure}(Object(Illuminate\Http\Request))
#39 C:\wamp\www\NMS-BlogAndWhiteV2\BlogAndWhite\vendor\laravel\framework\src\Illuminate\Pipeline\Pipeline.php(125): Illuminate\View\Middleware\ShareErrorsFromSession->handle(Object(Illuminate\Http\Request), Object(Closure))
#40 C:\wamp\www\NMS-BlogAndWhiteV2\BlogAndWhite\vendor\laravel\framework\src\Illuminate\Session\Middleware\StartSession.php(61): Illuminate\Pipeline\Pipeline->Illuminate\Pipeline\{closure}(Object(Illuminate\Http\Request))
#41 C:\wamp\www\NMS-BlogAndWhiteV2\BlogAndWhite\vendor\laravel\framework\src\Illuminate\Pipeline\Pipeline.php(125): Illuminate\Session\Middleware\StartSession->handle(Object(Illuminate\Http\Request), Object(Closure))
#42 C:\wamp\www\NMS-BlogAndWhiteV2\BlogAndWhite\vendor\laravel\framework\src\Illuminate\Cookie\Middleware\AddQueuedCookiesToResponse.php(36): Illuminate\Pipeline\Pipeline->Illuminate\Pipeline\{closure}(Object(Illuminate\Http\Request))
#43 C:\wamp\www\NMS-BlogAndWhiteV2\BlogAndWhite\vendor\laravel\framework\src\Illuminate\Pipeline\Pipeline.php(125): Illuminate\Cookie\Middleware\AddQueuedCookiesToResponse->handle(Object(Illuminate\Http\Request), Object(Closure))
#44 C:\wamp\www\NMS-BlogAndWhiteV2\BlogAndWhite\vendor\laravel\framework\src\Illuminate\Cookie\Middleware\EncryptCookies.php(40): Illuminate\Pipeline\Pipeline->Illuminate\Pipeline\{closure}(Object(Illuminate\Http\Request))
#45 C:\wamp\www\NMS-BlogAndWhiteV2\BlogAndWhite\vendor\laravel\framework\src\Illuminate\Pipeline\Pipeline.php(125): Illuminate\Cookie\Middleware\EncryptCookies->handle(Object(Illuminate\Http\Request), Object(Closure))
#46 C:\wamp\www\NMS-BlogAndWhiteV2\BlogAndWhite\vendor\laravel\framework\src\Illuminate\Foundation\Http\Middleware\CheckForMaintenanceMode.php(42): Illuminate\Pipeline\Pipeline->Illuminate\Pipeline\{closure}(Object(Illuminate\Http\Request))
#47 C:\wamp\www\NMS-BlogAndWhiteV2\BlogAndWhite\vendor\laravel\framework\src\Illuminate\Pipeline\Pipeline.php(125): Illuminate\Foundation\Http\Middleware\CheckForMaintenanceMode->handle(Object(Illuminate\Http\Request), Object(Closure))
#48 [internal function]: Illuminate\Pipeline\Pipeline->Illuminate\Pipeline\{closure}(Object(Illuminate\Http\Request))
#49 C:\wamp\www\NMS-BlogAndWhiteV2\BlogAndWhite\vendor\laravel\framework\src\Illuminate\Pipeline\Pipeline.php(101): call_user_func(Object(Closure), Object(Illuminate\Http\Request))
#50 C:\wamp\www\NMS-BlogAndWhiteV2\BlogAndWhite\vendor\laravel\framework\src\Illuminate\Foundation\Http\Kernel.php(115): Illuminate\Pipeline\Pipeline->then(Object(Closure))
#51 C:\wamp\www\NMS-BlogAndWhiteV2\BlogAndWhite\vendor\laravel\framework\src\Illuminate\Foundation\Http\Kernel.php(84): Illuminate\Foundation\Http\Kernel->sendRequestThroughRouter(Object(Illuminate\Http\Request))
#52 C:\wamp\www\NMS-BlogAndWhiteV2\BlogAndWhite\public\index.php(53): Illuminate\Foundation\Http\Kernel->handle(Object(Illuminate\Http\Request))
#53 {main}  
