[2018-06-28 09:43:44] local.ERROR: exception 'BadMethodCallException' with message 'Method [manage_accounts] does not exist.' in C:\Users\Chasey\Desktop\NMS-BlogAndWhiteV2\BlogAndWhite\vendor\laravel\framework\src\Illuminate\Routing\Controller.php:273
Stack trace:
#0 [internal function]: Illuminate\Routing\Controller->__call('manage_accounts', Array)
#1 [internal function]: App\Http\Controllers\CommentsController->manage_accounts()
#2 C:\Users\Chasey\Desktop\NMS-BlogAndWhiteV2\BlogAndWhite\vendor\laravel\framework\src\Illuminate\Routing\Controller.php(246): call_user_func_array(Array, Array)
#3 C:\Users\Chasey\Desktop\NMS-BlogAndWhiteV2\BlogAndWhite\vendor\laravel\framework\src\Illuminate\Routing\ControllerDispatcher.php(162): Illuminate\Routing\Controller->callAction('manage_accounts', Array)
#4 C:\Users\Chasey\Desktop\NMS-BlogAndWhiteV2\BlogAndWhite\vendor\laravel\framework\src\Illuminate\Routing\ControllerDispatcher.php(107): Illuminate\Routing\ControllerDispatcher->call(Object(App\Http\Controllers\CommentsController), Object(Illuminate\Routing\Route), 'manage_accounts')
#5 [internal function]: Illuminate\Routing\ControllerDispatcher->Illuminate\Routing\{closure}(Object(Illuminate\Http\Request))
#6 C:\Users\Chasey\Desktop\NMS-BlogAndWhiteV2\BlogAndWhite\vendor\laravel\framework\src\Illuminate\Pipeline\Pipeline.php(141): call_user_func(Object(Closure), Object(Illuminate\Http\Request))
#7 [internal function]: Illuminate\Pipeline\Pipeline->Illuminate\Pipeline\{closure}(Object(Illuminate\Http\Request))
#8 C:\Users\Chasey\Desktop\NMS-BlogAndWhiteV2\BlogAndWhite\vendor\laravel\framework\src\Illuminate\Pipeline\Pipeline.php(101): call_user_func(Object(Closure), Object(Illuminate\Http\Request))
#9 C:\Users\Chasey\Desktop\NMS-BlogAndWhiteV2\BlogAndWhite\vendor\laravel\framework\src\Illuminate\Routing\ControllerDispatcher.php(108): Illuminate\Pipeline\Pipeline->then(Object(Closure))
#10 C:\Users\Chasey\Desktop\NMS-BlogAndWhiteV2\BlogAndWhite\vendor\laravel\framework\src\Illuminate\Routing\ControllerDispatcher.php(67): Illuminate\Routing\ControllerDispatcher->callWithinStack(Object(App\Http\Controllers\CommentsController), Object(Illuminate\Routing\Route), Object(Illuminate\Http\Request), 'manage_accounts')
#11 C:\Users\Chasey\Desktop\NMS-BlogAndWhiteV2\BlogAndWhite\vendor\laravel\framework\src\Illuminate\Routing\Route.php(204): Illuminate\Routing\ControllerDispatcher->dispatch(Object(Illuminate\Routing\Route), Object(Illuminate\Http\Request), 'App\Http\Contro...', 'manage_accounts')
#12 C:\Users\Chasey\Desktop\NMS-BlogAndWhiteV2\BlogAndWhite\vendor\laravel\framework\src\Illuminate\Routing\Route.php(134): Illuminate\Routing\Route->runWithCustomDispatcher(Object(Illuminate\Http\Request))
#13 C:\Users\Chasey\Desktop\NMS-BlogAndWhiteV2\BlogAndWhite\vendor\laravel\framework\src\Illuminate\Routing\Router.php(701): Illuminate\Routing\Route->run(Object(Illuminate\Http\Request))
#14 [internal function]: Illuminate\Routing\Router->Illuminate\Routing\{closure}(Object(Illuminate\Http\Request))
#15 C:\Users\Chasey\Desktop\NMS-BlogAndWhiteV2\BlogAndWhite\vendor\laravel\framework\src\Illuminate\Pipeline\Pipeline.php(141): call_user_func(Object(Closure), Object(Illuminate\Http\Request))
#16 [internal function]: Illuminate\Pipeline\Pipeline->Illuminate\Pipeline\{closure}(Object(Illuminate\Http\Request))
#17 C:\Users\Chasey\Desktop\NMS-BlogAndWhiteV2\BlogAndWhite\vendor\laravel\framework\src\Illuminate\Pipeline\Pipeline.php(101): call_user_func(Object(Closure), Object(Illuminate\Http\Request))
#18 C:\Users\Chasey\Desktop\NMS-BlogAndWhiteV2\BlogAndWhite\vendor\laravel\framework\src\Illuminate\Routing\Router.php(703): Illuminate\Pipeline\Pipeline->then(Object(Closure))
#19 C:\Users\Chasey\Desktop\NMS-BlogAndWhiteV2\BlogAndWhite\vendor\laravel\framework\src\Illuminate\Routing\Router.php(670): Illuminate\Routing\Router->runRouteWithinStack(Object(Illuminate\Routing\Route), Object(Illuminate\Http\Request))
#20 C:\Users\Chasey\Desktop\NMS-BlogAndWhiteV2\BlogAndWhite\vendor\laravel\framework\src\Illuminate\Routing\Router.php(628): Illuminate\Routing\Router->dispatchToRoute(Object(Illuminate\Http\Request))
#21 C:\Users\Chasey\Desktop\NMS-BlogAndWhiteV2\BlogAndWhite\vendor\laravel\framework\src\Illuminate\Foundation\Http\Kernel.php(214): Illuminate\Routing\Router->dispatch(Object(Illuminate\Http\Request))
#22 [internal function]: Illuminate\Foundation\Http\Kernel->Illuminate\Foundation\Http\{closure}(Object(Illuminate\Http\Request))
#23 C:\Users\Chasey\Desktop\NMS-BlogAndWhiteV2\BlogAndWhite\vendor\laravel\framework\src\Illuminate\Pipeline\Pipeline.php(141): call_user_func(Object(Closure), Object(Illuminate\Http\Request))
#24 C:\Users\Chasey\Desktop\NMS-BlogAndWhiteV2\BlogAndWhite\vendor\laravel\framework\src\Illuminate\Foundation\Http\Middleware\VerifyCsrfToken.php(43): Illuminate\Pipeline\Pipeline->Illuminate\Pipeline\{closure}(Object(Illuminate\Http\Request))
#25 C:\Users\Chasey\Desktop\NMS-BlogAndWhiteV2\BlogAndWhite\app\Http\Middleware\VerifyCsrfToken.php(17): Illuminate\Foundation\Http\Middleware\VerifyCsrfToken->handle(Object(Illuminate\Http\Request), Object(Closure))
#26 C:\Users\Chasey\Desktop\NMS-BlogAndWhiteV2\BlogAndWhite\vendor\laravel\framework\src\Illuminate\Pipeline\Pipeline.php(125): App\Http\Middleware\VerifyCsrfToken->handle(Object(Illuminate\Http\Request), Object(Closure))
#27 C:\Users\Chasey\Desktop\NMS-BlogAndWhiteV2\BlogAndWhite\vendor\laravel\framework\src\Illuminate\View\Middleware\ShareErrorsFromSession.php(55): Illuminate\Pipeline\Pipeline->Illuminate\Pipeline\{closure}(Object(Illuminate\Http\Request))
#28 C:\Users\Chasey\Desktop\NMS-BlogAndWhiteV2\BlogAndWhite\vendor\laravel\framework\src\Illuminate\Pipeline\Pipeline.php(125): Illuminate\View\Middleware\ShareErrorsFromSession->handle(Object(Illuminate\Http\Request), Object(Closure))
#29 C:\Users\Chasey\Desktop\NMS-BlogAndWhiteV2\BlogAndWhite\vendor\laravel\framework\src\Illuminate\Session\Middleware\StartSession.php(61): Illuminate\Pipeline\Pipeline->Illuminate\Pipeline\{closure}(Object(Illuminate\Http\Request))
#30 C:\Users\Chasey\Desktop\NMS-BlogAndWhiteV2\BlogAndWhite\vendor\laravel\framework\src\Illuminate\Pipeline\Pipeline.php(125): Illuminate\Session\Middleware\StartSession->handle(Object(Illuminate\Http\Request), Object(Closure))
#31 C:\Users\Chasey\Desktop\NMS-BlogAndWhiteV2\BlogAndWhite\vendor\laravel\framework\src\Illuminate\Cookie\Middleware\AddQueuedCookiesToResponse.php(36): Illuminate\Pipeline\Pipeline->Illuminate\Pipeline\{closure}(Object(Illuminate\Http\Request))
#32 C:\Users\Chasey\Desktop\NMS-BlogAndWhiteV2\BlogAndWhite\vendor\laravel\framework\src\Illuminate\Pipeline\Pipeline.php(125): Illuminate\Cookie\Middleware\AddQueuedCookiesToResponse->handle(Object(Illuminate\Http\Request), Object(Closure))
#33 C:\Users\Chasey\Desktop\NMS-BlogAndWhiteV2\BlogAndWhite\vendor\laravel\framework\src\Illuminate\Cookie\Middleware\EncryptCookies.php(40): Illuminate\Pipeline\Pipeline->Illuminate\Pipeline\{closure}(Object(Illuminate\Http\Request))
#34 C:\Users\Chasey\Desktop\NMS-BlogAndWhiteV2\BlogAndWhite\vendor\laravel\framework\src\Illuminate\Pipeline\Pipeline.php(125): Illuminate\Cookie\Middleware\EncryptCookies->handle(Object(Illuminate\Http\Request), Object(Closure))
#35 C:\Users\Chasey\Desktop\NMS-BlogAndWhiteV2\BlogAndWhite\vendor\laravel\framework\src\Illuminate\Foundation\Http\Middleware\CheckForMaintenanceMode.php(42): Illuminate\Pipeline\Pipeline->Illuminate\Pipeline\{closure}(Object(Illuminate\Http\Request))
#36 C:\Users\Chasey\Desktop\NMS-BlogAndWhiteV2\BlogAndWhite\vendor\laravel\framework\src\Illuminate\Pipeline\Pipeline.php(125): Illuminate\Foundation\Http\Middleware\CheckForMaintenanceMode->handle(Object(Illuminate\Http\Request), Object(Closure))
#37 [internal function]: Illuminate\Pipeline\Pipeline->Illuminate\Pipeline\{closure}(Object(Illuminate\Http\Request))
#38 C:\Users\Chasey\Desktop\NMS-BlogAndWhiteV2\BlogAndWhite\vendor\laravel\framework\src\Illuminate\Pipeline\Pipeline.php(101): call_user_func(Object(Closure), Object(Illuminate\Http\Request))
#39 C:\Users\Chasey\Desktop\NMS-BlogAndWhiteV2\BlogAndWhite\vendor\laravel\framework\src\Illuminate\Foundation\Http\Kernel.php(115): Illuminate\Pipeline\Pipeline->then(Object(Closure))
#40 C:\Users\Chasey\Desktop\NMS-BlogAndWhiteV2\BlogAndWhite\vendor\laravel\framework\src\Illuminate\Foundation\Http\Kernel.php(84): Illuminate\Foundation\Http\Kernel->sendRequestThroughRouter(Object(Illuminate\Http\Request))
#41 C:\Users\Chasey\Desktop\NMS-BlogAndWhiteV2\BlogAndWhite\public\index.php(53): Illuminate\Foundation\Http\Kernel->handle(Object(Illuminate\Http\Request))
#42 {main}  
[2018-06-28 09:47:52] local.ERROR: exception 'BadMethodCallException' with message 'Method [manage_accounts] does not exist.' in C:\Users\Chasey\Desktop\NMS-BlogAndWhiteV2\BlogAndWhite\vendor\laravel\framework\src\Illuminate\Routing\Controller.php:273
Stack trace:
#0 [internal function]: Illuminate\Routing\Controller->__call('manage_accounts', Array)
#1 [internal function]: App\Http\Controllers\CommentsController->manage_accounts()
#2 C:\Users\Chasey\Desktop\NMS-BlogAndWhiteV2\BlogAndWhite\vendor\laravel\framework\src\Illuminate\Routing\Controller.php(246): call_user_func_array(Array, Array)
#3 C:\Users\Chasey\Desktop\NMS-BlogAndWhiteV2\BlogAndWhite\vendor\laravel\framework\src\Illuminate\Routing\ControllerDispatcher.php(162): Illuminate\Routing\Controller->callAction('manage_accounts', Array)
#4 C:\Users\Chasey\Desktop\NMS-BlogAndWhiteV2\BlogAndWhite\vendor\laravel\framework\src\Illuminate\Routing\ControllerDispatcher.php(107): Illuminate\Routing\ControllerDispatcher->call(Object(App\Http\Controllers\CommentsController), Object(Illuminate\Routing\Route), 'manage_accounts')
#5 [internal function]: Illuminate\Routing\ControllerDispatcher->Illuminate\Routing\{closure}(Object(Illuminate\Http\Request))
#6 C:\Users\Chasey\Desktop\NMS-BlogAndWhiteV2\BlogAndWhite\vendor\laravel\framework\src\Illuminate\Pipeline\Pipeline.php(141): call_user_func(Object(Closure), Object(Illuminate\Http\Request))
#7 [internal function]: Illuminate\Pipeline\Pipeline->Illuminate\Pipeline\{closure}(Object(Illuminate\Http\Request))
#8 C:\Users\Chasey\Desktop\NMS-BlogAndWhiteV2\BlogAndWhite\vendor\laravel\framework\src\Illuminate\Pipeline\Pipeline.php(101): call_user_func(Object(Closure), Object(Illuminate\Http\Request))
#9 C:\Users\Chasey\Desktop\NMS-BlogAndWhiteV2\BlogAndWhite\vendor\laravel\framework\src\Illuminate\Routing\ControllerDispatcher.php(108): Illuminate\Pipeline\Pipeline->then(Object(Closure))
#10 C:\Users\Chasey\Desktop\NMS-BlogAndWhiteV2\BlogAndWhite\vendor\laravel\framework\src\Illuminate\Routing\ControllerDispatcher.php(67): Illuminate\Routing\ControllerDispatcher->callWithinStack(Object(App\Http\Controllers\CommentsController), Object(Illuminate\Routing\Route), Object(Illuminate\Http\Request), 'manage_accounts')
#11 C:\Users\Chasey\Desktop\NMS-BlogAndWhiteV2\BlogAndWhite\vendor\laravel\framework\src\Illuminate\Routing\Route.php(204): Illuminate\Routing\ControllerDispatcher->dispatch(Object(Illuminate\Routing\Route), Object(Illuminate\Http\Request), 'App\Http\Contro...', 'manage_accounts')
#12 C:\Users\Chasey\Desktop\NMS-BlogAndWhiteV2\BlogAndWhite\vendor\laravel\framework\src\Illuminate\Routing\Route.php(134): Illuminate\Routing\Route->runWithCustomDispatcher(Object(Illuminate\Http\Request))
#13 C:\Users\Chasey\Desktop\NMS-BlogAndWhiteV2\BlogAndWhite\vendor\laravel\framework\src\Illuminate\Routing\Router.php(701): Illuminate\Routing\Route->run(Object(Illuminate\Http\Request))
#14 [internal function]: Illuminate\Routing\Router->Illuminate\Routing\{closure}(Object(Illuminate\Http\Request))
#15 C:\Users\Chasey\Desktop\NMS-BlogAndWhiteV2\BlogAndWhite\vendor\laravel\framework\src\Illuminate\Pipeline\Pipeline.php(141): call_user_func(Object(Closure), Object(Illuminate\Http\Request))
#16 [internal function]: Illuminate\Pipeline\Pipeline->Illuminate\Pipeline\{closure}(Object(Illuminate\Http\Request))
#17 C:\Users\Chasey\Desktop\NMS-BlogAndWhiteV2\BlogAndWhite\vendor\laravel\framework\src\Illuminate\Pipeline\Pipeline.php(101): call_user_func(Object(Closure), Object(Illuminate\Http\Request))
#18 C:\Users\Chasey\Desktop\NMS-BlogAndWhiteV2\BlogAndWhite\vendor\laravel\framework\src\Illuminate\Routing\Router.php(703): Illuminate\Pipeline\Pipeline->then(Object(Closure))
#19 C:\Users\Chasey\Desktop\NMS-BlogAndWhiteV2\BlogAndWhite\vendor\laravel\framework\src\Illuminate\Routing\Router.php(670): Illuminate\Routing\Router->runRouteWithinStack(Object(Illuminate\Routing\Route), Object(Illuminate\Http\Request))
#20 C:\Users\Chasey\Desktop\NMS-BlogAndWhiteV2\BlogAndWhite\vendor\laravel\framework\src\Illuminate\Routing\Router.php(628): Illuminate\Routing\Router->dispatchToRoute(Object(Illuminate\Http\Request))
#21 C:\Users\Chasey\Desktop\NMS-BlogAndWhiteV2\BlogAndWhite\vendor\laravel\framework\src\Illuminate\Foundation\Http\Kernel.php(214): Illuminate\Routing\Router->dispatch(Object(Illuminate\Http\Request))
#22 [internal function]: Illuminate\Foundation\Http\Kernel->Illuminate\Foundation\Http\{closure}(Object(Illuminate\Http\Request))
#23 C:\Users\Chasey\Desktop\NMS-BlogAndWhiteV2\BlogAndWhite\vendor\laravel\framework\src\Illuminate\Pipeline\Pipeline.php(141): call_user_func(Object(Closure), Object(Illuminate\Http\Request))
#24 C:\Users\Chasey\Desktop\NMS-BlogAndWhiteV2\BlogAndWhite\vendor\laravel\framework\src\Illuminate\Foundation\Http\Middleware\VerifyCsrfToken.php(43): Illuminate\Pipeline\Pipeline->Illuminate\Pipeline\{closure}(Object(Illuminate\Http\Request))
#25 C:\Users\Chasey\Desktop\NMS-BlogAndWhiteV2\BlogAndWhite\app\Http\Middleware\VerifyCsrfToken.php(17): Illuminate\Foundation\Http\Middleware\VerifyCsrfToken->handle(Object(Illuminate\Http\Request), Object(Closure))
#26 C:\Users\Chasey\Desktop\NMS-BlogAndWhiteV2\BlogAndWhite\vendor\laravel\framework\src\Illuminate\Pipeline\Pipeline.php(125): App\Http\Middleware\VerifyCsrfToken->handle(Object(Illuminate\Http\Request), Object(Closure))
#27 C:\Users\Chasey\Desktop\NMS-BlogAndWhiteV2\BlogAndWhite\vendor\laravel\framework\src\Illuminate\View\Middleware\ShareErrorsFromSession.php(55): Illuminate\Pipeline\Pipeline->Illuminate\Pipeline\{closure}(Object(Illuminate\Http\Request))
#28 C:\Users\Chasey\Desktop\NMS-BlogAndWhiteV2\BlogAndWhite\vendor\laravel\framework\src\Illuminate\Pipeline\Pipeline.php(125): Illuminate\View\Middleware\ShareErrorsFromSession->handle(Object(Illuminate\Http\Request), Object(Closure))
#29 C:\Users\Chasey\Desktop\NMS-BlogAndWhiteV2\BlogAndWhite\vendor\laravel\framework\src\Illuminate\Session\Middleware\StartSession.php(61): Illuminate\Pipeline\Pipeline->Illuminate\Pipeline\{closure}(Object(Illuminate\Http\Request))
#30 C:\Users\Chasey\Desktop\NMS-BlogAndWhiteV2\BlogAndWhite\vendor\laravel\framework\src\Illuminate\Pipeline\Pipeline.php(125): Illuminate\Session\Middleware\StartSession->handle(Object(Illuminate\Http\Request), Object(Closure))
#31 C:\Users\Chasey\Desktop\NMS-BlogAndWhiteV2\BlogAndWhite\vendor\laravel\framework\src\Illuminate\Cookie\Middleware\AddQueuedCookiesToResponse.php(36): Illuminate\Pipeline\Pipeline->Illuminate\Pipeline\{closure}(Object(Illuminate\Http\Request))
#32 C:\Users\Chasey\Desktop\NMS-BlogAndWhiteV2\BlogAndWhite\vendor\laravel\framework\src\Illuminate\Pipeline\Pipeline.php(125): Illuminate\Cookie\Middleware\AddQueuedCookiesToResponse->handle(Object(Illuminate\Http\Request), Object(Closure))
#33 C:\Users\Chasey\Desktop\NMS-BlogAndWhiteV2\BlogAndWhite\vendor\laravel\framework\src\Illuminate\Cookie\Middleware\EncryptCookies.php(40): Illuminate\Pipeline\Pipeline->Illuminate\Pipeline\{closure}(Object(Illuminate\Http\Request))
#34 C:\Users\Chasey\Desktop\NMS-BlogAndWhiteV2\BlogAndWhite\vendor\laravel\framework\src\Illuminate\Pipeline\Pipeline.php(125): Illuminate\Cookie\Middleware\EncryptCookies->handle(Object(Illuminate\Http\Request), Object(Closure))
#35 C:\Users\Chasey\Desktop\NMS-BlogAndWhiteV2\BlogAndWhite\vendor\laravel\framework\src\Illuminate\Foundation\Http\Middleware\CheckForMaintenanceMode.php(42): Illuminate\Pipeline\Pipeline->Illuminate\Pipeline\{closure}(Object(Illuminate\Http\Request))
#36 C:\Users\Chasey\Desktop\NMS-BlogAndWhiteV2\BlogAndWhite\vendor\laravel\framework\src\Illuminate\Pipeline\Pipeline.php(125): Illuminate\Foundation\Http\Middleware\CheckForMaintenanceMode->handle(Object(Illuminate\Http\Request), Object(Closure))
#37 [internal function]: Illuminate\Pipeline\Pipeline->Illuminate\Pipeline\{closure}(Object(Illuminate\Http\Request))
#38 C:\Users\Chasey\Desktop\NMS-BlogAndWhiteV2\BlogAndWhite\vendor\laravel\framework\src\Illuminate\Pipeline\Pipeline.php(101): call_user_func(Object(Closure), Object(Illuminate\Http\Request))
#39 C:\Users\Chasey\Desktop\NMS-BlogAndWhiteV2\BlogAndWhite\vendor\laravel\framework\src\Illuminate\Foundation\Http\Kernel.php(115): Illuminate\Pipeline\Pipeline->then(Object(Closure))
#40 C:\Users\Chasey\Desktop\NMS-BlogAndWhiteV2\BlogAndWhite\vendor\laravel\framework\src\Illuminate\Foundation\Http\Kernel.php(84): Illuminate\Foundation\Http\Kernel->sendRequestThroughRouter(Object(Illuminate\Http\Request))
#41 C:\Users\Chasey\Desktop\NMS-BlogAndWhiteV2\BlogAndWhite\public\index.php(53): Illuminate\Foundation\Http\Kernel->handle(Object(Illuminate\Http\Request))
#42 {main}  
[2018-06-28 09:49:00] local.ERROR: exception 'ReflectionException' with message 'Class App\Http\Controllers\AccountsController does not exist' in C:\Users\Chasey\Desktop\NMS-BlogAndWhiteV2\BlogAndWhite\vendor\laravel\framework\src\Illuminate\Container\Container.php:779
Stack trace:
#0 C:\Users\Chasey\Desktop\NMS-BlogAndWhiteV2\BlogAndWhite\vendor\laravel\framework\src\Illuminate\Container\Container.php(779): ReflectionClass->__construct('App\Http\Contro...')
#1 C:\Users\Chasey\Desktop\NMS-BlogAndWhiteV2\BlogAndWhite\vendor\laravel\framework\src\Illuminate\Container\Container.php(659): Illuminate\Container\Container->build('App\Http\Contro...', Array)
#2 C:\Users\Chasey\Desktop\NMS-BlogAndWhiteV2\BlogAndWhite\vendor\laravel\framework\src\Illuminate\Foundation\Application.php(644): Illuminate\Container\Container->make('App\Http\Contro...', Array)
#3 C:\Users\Chasey\Desktop\NMS-BlogAndWhiteV2\BlogAndWhite\vendor\laravel\framework\src\Illuminate\Routing\ControllerDispatcher.php(83): Illuminate\Foundation\Application->make('App\Http\Contro...')
#4 C:\Users\Chasey\Desktop\NMS-BlogAndWhiteV2\BlogAndWhite\vendor\laravel\framework\src\Illuminate\Routing\ControllerDispatcher.php(54): Illuminate\Routing\ControllerDispatcher->makeController('App\Http\Contro...')
#5 C:\Users\Chasey\Desktop\NMS-BlogAndWhiteV2\BlogAndWhite\vendor\laravel\framework\src\Illuminate\Routing\Route.php(204): Illuminate\Routing\ControllerDispatcher->dispatch(Object(Illuminate\Routing\Route), Object(Illuminate\Http\Request), 'App\Http\Contro...', 'manage_accounts')
#6 C:\Users\Chasey\Desktop\NMS-BlogAndWhiteV2\BlogAndWhite\vendor\laravel\framework\src\Illuminate\Routing\Route.php(134): Illuminate\Routing\Route->runWithCustomDispatcher(Object(Illuminate\Http\Request))
#7 C:\Users\Chasey\Desktop\NMS-BlogAndWhiteV2\BlogAndWhite\vendor\laravel\framework\src\Illuminate\Routing\Router.php(701): Illuminate\Routing\Route->run(Object(Illuminate\Http\Request))
#8 [internal function]: Illuminate\Routing\Router->Illuminate\Routing\{closure}(Object(Illuminate\Http\Request))
#9 C:\Users\Chasey\Desktop\NMS-BlogAndWhiteV2\BlogAndWhite\vendor\laravel\framework\src\Illuminate\Pipeline\Pipeline.php(141): call_user_func(Object(Closure), Object(Illuminate\Http\Request))
#10 [internal function]: Illuminate\Pipeline\Pipeline->Illuminate\Pipeline\{closure}(Object(Illuminate\Http\Request))
#11 C:\Users\Chasey\Desktop\NMS-BlogAndWhiteV2\BlogAndWhite\vendor\laravel\framework\src\Illuminate\Pipeline\Pipeline.php(101): call_user_func(Object(Closure), Object(Illuminate\Http\Request))
#12 C:\Users\Chasey\Desktop\NMS-BlogAndWhiteV2\BlogAndWhite\vendor\laravel\framework\src\Illuminate\Routing\Router.php(703): Illuminate\Pipeline\Pipeline->then(Object(Closure))
#13 C:\Users\Chasey\Desktop\NMS-BlogAndWhiteV2\BlogAndWhite\vendor\laravel\framework\src\Illuminate\Routing\Router.php(670): Illuminate\Routing\Router->runRouteWithinStack(Object(Illuminate\Routing\Route), Object(Illuminate\Http\Request))
#14 C:\Users\Chasey\Desktop\NMS-BlogAndWhiteV2\BlogAndWhite\vendor\laravel\framework\src\Illuminate\Routing\Router.php(628): Illuminate\Routing\Router->dispatchToRoute(Object(Illuminate\Http\Request))
#15 C:\Users\Chasey\Desktop\NMS-BlogAndWhiteV2\BlogAndWhite\vendor\laravel\framework\src\Illuminate\Foundation\Http\Kernel.php(214): Illuminate\Routing\Router->dispatch(Object(Illuminate\Http\Request))
#16 [internal function]: Illuminate\Foundation\Http\Kernel->Illuminate\Foundation\Http\{closure}(Object(Illuminate\Http\Request))
#17 C:\Users\Chasey\Desktop\NMS-BlogAndWhiteV2\BlogAndWhite\vendor\laravel\framework\src\Illuminate\Pipeline\Pipeline.php(141): call_user_func(Object(Closure), Object(Illuminate\Http\Request))
#18 C:\Users\Chasey\Desktop\NMS-BlogAndWhiteV2\BlogAndWhite\vendor\laravel\framework\src\Illuminate\Foundation\Http\Middleware\VerifyCsrfToken.php(43): Illuminate\Pipeline\Pipeline->Illuminate\Pipeline\{closure}(Object(Illuminate\Http\Request))
#19 C:\Users\Chasey\Desktop\NMS-BlogAndWhiteV2\BlogAndWhite\app\Http\Middleware\VerifyCsrfToken.php(17): Illuminate\Foundation\Http\Middleware\VerifyCsrfToken->handle(Object(Illuminate\Http\Request), Object(Closure))
#20 C:\Users\Chasey\Desktop\NMS-BlogAndWhiteV2\BlogAndWhite\vendor\laravel\framework\src\Illuminate\Pipeline\Pipeline.php(125): App\Http\Middleware\VerifyCsrfToken->handle(Object(Illuminate\Http\Request), Object(Closure))
#21 C:\Users\Chasey\Desktop\NMS-BlogAndWhiteV2\BlogAndWhite\vendor\laravel\framework\src\Illuminate\View\Middleware\ShareErrorsFromSession.php(55): Illuminate\Pipeline\Pipeline->Illuminate\Pipeline\{closure}(Object(Illuminate\Http\Request))
#22 C:\Users\Chasey\Desktop\NMS-BlogAndWhiteV2\BlogAndWhite\vendor\laravel\framework\src\Illuminate\Pipeline\Pipeline.php(125): Illuminate\View\Middleware\ShareErrorsFromSession->handle(Object(Illuminate\Http\Request), Object(Closure))
#23 C:\Users\Chasey\Desktop\NMS-BlogAndWhiteV2\BlogAndWhite\vendor\laravel\framework\src\Illuminate\Session\Middleware\StartSession.php(61): Illuminate\Pipeline\Pipeline->Illuminate\Pipeline\{closure}(Object(Illuminate\Http\Request))
#24 C:\Users\Chasey\Desktop\NMS-BlogAndWhiteV2\BlogAndWhite\vendor\laravel\framework\src\Illuminate\Pipeline\Pipeline.php(125): Illuminate\Session\Middleware\StartSession->handle(Object(Illuminate\Http\Request), Object(Closure))
#25 C:\Users\Chasey\Desktop\NMS-BlogAndWhiteV2\BlogAndWhite\vendor\laravel\framework\src\Illuminate\Cookie\Middleware\AddQueuedCookiesToResponse.php(36): Illuminate\Pipeline\Pipeline->Illuminate\Pipeline\{closure}(Object(Illuminate\Http\Request))
#26 C:\Users\Chasey\Desktop\NMS-BlogAndWhiteV2\BlogAndWhite\vendor\laravel\framework\src\Illuminate\Pipeline\Pipeline.php(125): Illuminate\Cookie\Middleware\AddQueuedCookiesToResponse->handle(Object(Illuminate\Http\Request), Object(Closure))
#27 C:\Users\Chasey\Desktop\NMS-BlogAndWhiteV2\BlogAndWhite\vendor\laravel\framework\src\Illuminate\Cookie\Middleware\EncryptCookies.php(40): Illuminate\Pipeline\Pipeline->Illuminate\Pipeline\{closure}(Object(Illuminate\Http\Request))
#28 C:\Users\Chasey\Desktop\NMS-BlogAndWhiteV2\BlogAndWhite\vendor\laravel\framework\src\Illuminate\Pipeline\Pipeline.php(125): Illuminate\Cookie\Middleware\EncryptCookies->handle(Object(Illuminate\Http\Request), Object(Closure))
#29 C:\Users\Chasey\Desktop\NMS-BlogAndWhiteV2\BlogAndWhite\vendor\laravel\framework\src\Illuminate\Foundation\Http\Middleware\CheckForMaintenanceMode.php(42): Illuminate\Pipeline\Pipeline->Illuminate\Pipeline\{closure}(Object(Illuminate\Http\Request))
#30 C:\Users\Chasey\Desktop\NMS-BlogAndWhiteV2\BlogAndWhite\vendor\laravel\framework\src\Illuminate\Pipeline\Pipeline.php(125): Illuminate\Foundation\Http\Middleware\CheckForMaintenanceMode->handle(Object(Illuminate\Http\Request), Object(Closure))
#31 [internal function]: Illuminate\Pipeline\Pipeline->Illuminate\Pipeline\{closure}(Object(Illuminate\Http\Request))
#32 C:\Users\Chasey\Desktop\NMS-BlogAndWhiteV2\BlogAndWhite\vendor\laravel\framework\src\Illuminate\Pipeline\Pipeline.php(101): call_user_func(Object(Closure), Object(Illuminate\Http\Request))
#33 C:\Users\Chasey\Desktop\NMS-BlogAndWhiteV2\BlogAndWhite\vendor\laravel\framework\src\Illuminate\Foundation\Http\Kernel.php(115): Illuminate\Pipeline\Pipeline->then(Object(Closure))
#34 C:\Users\Chasey\Desktop\NMS-BlogAndWhiteV2\BlogAndWhite\vendor\laravel\framework\src\Illuminate\Foundation\Http\Kernel.php(84): Illuminate\Foundation\Http\Kernel->sendRequestThroughRouter(Object(Illuminate\Http\Request))
#35 C:\Users\Chasey\Desktop\NMS-BlogAndWhiteV2\BlogAndWhite\public\index.php(53): Illuminate\Foundation\Http\Kernel->handle(Object(Illuminate\Http\Request))
#36 {main}  
