[2018-06-29 07:06:11] local.ERROR: exception 'ErrorException' with message 'Undefined variable: comments' in C:\Users\Chasey\Desktop\NMS-BlogAndWhiteV2\BlogAndWhite\storage\framework\views\7eae655dd888220465dc5d0cacd61ef1:21
Stack trace:
#0 C:\Users\Chasey\Desktop\NMS-BlogAndWhiteV2\BlogAndWhite\storage\framework\views\7eae655dd888220465dc5d0cacd61ef1(21): Illuminate\Foundation\Bootstrap\HandleExceptions->handleError(8, 'Undefined varia...', 'C:\Users\Chasey...', 21, Array)
#1 C:\Users\Chasey\Desktop\NMS-BlogAndWhiteV2\BlogAndWhite\vendor\laravel\framework\src\Illuminate\View\Engines\PhpEngine.php(39): include('C:\Users\Chasey...')
#2 C:\Users\Chasey\Desktop\NMS-BlogAndWhiteV2\BlogAndWhite\vendor\laravel\framework\src\Illuminate\View\Engines\CompilerEngine.php(57): Illuminate\View\Engines\PhpEngine->evaluatePath('C:\Users\Chasey...', Array)
#3 C:\Users\Chasey\Desktop\NMS-BlogAndWhiteV2\BlogAndWhite\vendor\laravel\framework\src\Illuminate\View\View.php(142): Illuminate\View\Engines\CompilerEngine->get('C:\Users\Chasey...', Array)
#4 C:\Users\Chasey\Desktop\NMS-BlogAndWhiteV2\BlogAndWhite\vendor\laravel\framework\src\Illuminate\View\View.php(111): Illuminate\View\View->getContents()
#5 C:\Users\Chasey\Desktop\NMS-BlogAndWhiteV2\BlogAndWhite\vendor\laravel\framework\src\Illuminate\View\View.php(80): Illuminate\View\View->renderContents()
#6 C:\Users\Chasey\Desktop\NMS-BlogAndWhiteV2\BlogAndWhite\vendor\laravel\framework\src\Illuminate\Http\Response.php(44): Illuminate\View\View->render()
#7 C:\Users\Chasey\Desktop\NMS-BlogAndWhiteV2\BlogAndWhite\vendor\symfony\http-foundation\Symfony\Component\HttpFoundation\Response.php(202): Illuminate\Http\Response->setContent(Object(Illuminate\View\View))
#8 C:\Users\Chasey\Desktop\NMS-BlogAndWhiteV2\BlogAndWhite\vendor\laravel\framework\src\Illuminate\Routing\Router.php(1198): Symfony\Component\HttpFoundation\Response->__construct(Object(Illuminate\View\View))
#9 C:\Users\Chasey\Desktop\NMS-BlogAndWhiteV2\BlogAndWhite\vendor\laravel\framework\src\Illuminate\Routing\Router.php(702): Illuminate\Routing\Router->prepareResponse(Object(Illuminate\Http\Request), Object(Illuminate\View\View))
#10 [internal function]: Illuminate\Routing\Router->Illuminate\Routing\{closure}(Object(Illuminate\Http\Request))
#11 C:\Users\Chasey\Desktop\NMS-BlogAndWhiteV2\BlogAndWhite\vendor\laravel\framework\src\Illuminate\Pipeline\Pipeline.php(141): call_user_func(Object(Closure), Object(Illuminate\Http\Request))
#12 [internal function]: Illuminate\Pipeline\Pipeline->Illuminate\Pipeline\{closure}(Object(Illuminate\Http\Request))
#13 C:\Users\Chasey\Desktop\NMS-BlogAndWhiteV2\BlogAndWhite\vendor\laravel\framework\src\Illuminate\Pipeline\Pipeline.php(101): call_user_func(Object(Closure), Object(Illuminate\Http\Request))
#14 C:\Users\Chasey\Desktop\NMS-BlogAndWhiteV2\BlogAndWhite\vendor\laravel\framework\src\Illuminate\Routing\Router.php(703): Illuminate\Pipeline\Pipeline->then(Object(Closure))
#15 C:\Users\Chasey\Desktop\NMS-BlogAndWhiteV2\BlogAndWhite\vendor\laravel\framework\src\Illuminate\Routing\Router.php(670): Illuminate\Routing\Router->runRouteWithinStack(Object(Illuminate\Routing\Route), Object(Illuminate\Http\Request))
#16 C:\Users\Chasey\Desktop\NMS-BlogAndWhiteV2\BlogAndWhite\vendor\laravel\framework\src\Illuminate\Routing\Router.php(628): Illuminate\Routing\Router->dispatchToRoute(Object(Illuminate\Http\Request))
#17 C:\Users\Chasey\Desktop\NMS-BlogAndWhiteV2\BlogAndWhite\vendor\laravel\framework\src\Illuminate\Foundation\Http\Kernel.php(214): Illuminate\Routing\Router->dispatch(Object(Illuminate\Http\Request))
#18 [internal function]: Illuminate\Foundation\Http\Kernel->Illuminate\Foundation\Http\{closure}(Object(Illuminate\Http\Request))
#19 C:\Users\Chasey\Desktop\NMS-BlogAndWhiteV2\BlogAndWhite\vendor\laravel\framework\src\Illuminate\Pipeline\Pipeline.php(141): call_user_func(Object(Closure), Object(Illuminate\Http\Request))
#20 C:\Users\Chasey\Desktop\NMS-BlogAndWhiteV2\BlogAndWhite\vendor\laravel\framework\src\Illuminate\Foundation\Http\Middleware\VerifyCsrfToken.php(43): Illuminate\Pipeline\Pipeline->Illuminate\Pipeline\{closure}(Object(Illuminate\Http\Request))
#21 C:\Users\Chasey\Desktop\NMS-BlogAndWhiteV2\BlogAndWhite\app\Http\Middleware\VerifyCsrfToken.php(17): Illuminate\Foundation\Http\Middleware\VerifyCsrfToken->handle(Object(Illuminate\Http\Request), Object(Closure))
#22 C:\Users\Chasey\Desktop\NMS-BlogAndWhiteV2\BlogAndWhite\vendor\laravel\framework\src\Illuminate\Pipeline\Pipeline.php(125): App\Http\Middleware\VerifyCsrfToken->handle(Object(Illuminate\Http\Request), Object(Closure))
#23 C:\Users\Chasey\Desktop\NMS-BlogAndWhiteV2\BlogAndWhite\vendor\laravel\framework\src\Illuminate\View\Middleware\ShareErrorsFromSession.php(55): Illuminate\Pipeline\Pipeline->Illuminate\Pipeline\{closure}(Object(Illuminate\Http\Request))
#24 C:\Users\Chasey\Desktop\NMS-BlogAndWhiteV2\BlogAndWhite\vendor\laravel\framework\src\Illuminate\Pipeline\Pipeline.php(125): Illuminate\View\Middleware\ShareErrorsFromSession->handle(Object(Illuminate\Http\Request), Object(Closure))
#25 C:\Users\Chasey\Desktop\NMS-BlogAndWhiteV2\BlogAndWhite\vendor\laravel\framework\src\Illuminate\Session\Middleware\StartSession.php(61): Illuminate\Pipeline\Pipeline->Illuminate\Pipeline\{closure}(Object(Illuminate\Http\Request))
#26 C:\Users\Chasey\Desktop\NMS-BlogAndWhiteV2\BlogAndWhite\vendor\laravel\framework\src\Illuminate\Pipeline\Pipeline.php(125): Illuminate\Session\Middleware\StartSession->handle(Object(Illuminate\Http\Request), Object(Closure))
#27 C:\Users\Chasey\Desktop\NMS-BlogAndWhiteV2\BlogAndWhite\vendor\laravel\framework\src\Illuminate\Cookie\Middleware\AddQueuedCookiesToResponse.php(36): Illuminate\Pipeline\Pipeline->Illuminate\Pipeline\{closure}(Object(Illuminate\Http\Request))
#28 C:\Users\Chasey\Desktop\NMS-BlogAndWhiteV2\BlogAndWhite\vendor\laravel\framework\src\Illuminate\Pipeline\Pipeline.php(125): Illuminate\Cookie\Middleware\AddQueuedCookiesToResponse->handle(Object(Illuminate\Http\Request), Object(Closure))
#29 C:\Users\Chasey\Desktop\NMS-BlogAndWhiteV2\BlogAndWhite\vendor\laravel\framework\src\Illuminate\Cookie\Middleware\EncryptCookies.php(40): Illuminate\Pipeline\Pipeline->Illuminate\Pipeline\{closure}(Object(Illuminate\Http\Request))
#30 C:\Users\Chasey\Desktop\NMS-BlogAndWhiteV2\BlogAndWhite\vendor\laravel\framework\src\Illuminate\Pipeline\Pipeline.php(125): Illuminate\Cookie\Middleware\EncryptCookies->handle(Object(Illuminate\Http\Request), Object(Closure))
#31 C:\Users\Chasey\Desktop\NMS-BlogAndWhiteV2\BlogAndWhite\vendor\laravel\framework\src\Illuminate\Foundation\Http\Middleware\CheckForMaintenanceMode.php(42): Illuminate\Pipeline\Pipeline->Illuminate\Pipeline\{closure}(Object(Illuminate\Http\Request))
#32 C:\Users\Chasey\Desktop\NMS-BlogAndWhiteV2\BlogAndWhite\vendor\laravel\framework\src\Illuminate\Pipeline\Pipeline.php(125): Illuminate\Foundation\Http\Middleware\CheckForMaintenanceMode->handle(Object(Illuminate\Http\Request), Object(Closure))
#33 [internal function]: Illuminate\Pipeline\Pipeline->Illuminate\Pipeline\{closure}(Object(Illuminate\Http\Request))
#34 C:\Users\Chasey\Desktop\NMS-BlogAndWhiteV2\BlogAndWhite\vendor\laravel\framework\src\Illuminate\Pipeline\Pipeline.php(101): call_user_func(Object(Closure), Object(Illuminate\Http\Request))
#35 C:\Users\Chasey\Desktop\NMS-BlogAndWhiteV2\BlogAndWhite\vendor\laravel\framework\src\Illuminate\Foundation\Http\Kernel.php(115): Illuminate\Pipeline\Pipeline->then(Object(Closure))
#36 C:\Users\Chasey\Desktop\NMS-BlogAndWhiteV2\BlogAndWhite\vendor\laravel\framework\src\Illuminate\Foundation\Http\Kernel.php(84): Illuminate\Foundation\Http\Kernel->sendRequestThroughRouter(Object(Illuminate\Http\Request))
#37 C:\Users\Chasey\Desktop\NMS-BlogAndWhiteV2\BlogAndWhite\public\index.php(53): Illuminate\Foundation\Http\Kernel->handle(Object(Illuminate\Http\Request))
#38 {main}

Next exception 'ErrorException' with message 'Undefined variable: comments (View: C:\Users\Chasey\Desktop\NMS-BlogAndWhiteV2\BlogAndWhite\resources\views\posts_show.blade.php)' in C:\Users\Chasey\Desktop\NMS-BlogAndWhiteV2\BlogAndWhite\storage\framework\views\7eae655dd888220465dc5d0cacd61ef1:21
Stack trace:
#0 C:\Users\Chasey\Desktop\NMS-BlogAndWhiteV2\BlogAndWhite\vendor\laravel\framework\src\Illuminate\View\Engines\PhpEngine.php(43): Illuminate\View\Engines\CompilerEngine->handleViewException(Object(ErrorException), 1)
#1 C:\Users\Chasey\Desktop\NMS-BlogAndWhiteV2\BlogAndWhite\vendor\laravel\framework\src\Illuminate\View\Engines\CompilerEngine.php(57): Illuminate\View\Engines\PhpEngine->evaluatePath('C:\Users\Chasey...', Array)
#2 C:\Users\Chasey\Desktop\NMS-BlogAndWhiteV2\BlogAndWhite\vendor\laravel\framework\src\Illuminate\View\View.php(142): Illuminate\View\Engines\CompilerEngine->get('C:\Users\Chasey...', Array)
#3 C:\Users\Chasey\Desktop\NMS-BlogAndWhiteV2\BlogAndWhite\vendor\laravel\framework\src\Illuminate\View\View.php(111): Illuminate\View\View->getContents()
#4 C:\Users\Chasey\Desktop\NMS-BlogAndWhiteV2\BlogAndWhite\vendor\laravel\framework\src\Illuminate\View\View.php(80): Illuminate\View\View->renderContents()
#5 C:\Users\Chasey\Desktop\NMS-BlogAndWhiteV2\BlogAndWhite\vendor\laravel\framework\src\Illuminate\Http\Response.php(44): Illuminate\View\View->render()
#6 C:\Users\Chasey\Desktop\NMS-BlogAndWhiteV2\BlogAndWhite\vendor\symfony\http-foundation\Symfony\Component\HttpFoundation\Response.php(202): Illuminate\Http\Response->setContent(Object(Illuminate\View\View))
#7 C:\Users\Chasey\Desktop\NMS-BlogAndWhiteV2\BlogAndWhite\vendor\laravel\framework\src\Illuminate\Routing\Router.php(1198): Symfony\Component\HttpFoundation\Response->__construct(Object(Illuminate\View\View))
#8 C:\Users\Chasey\Desktop\NMS-BlogAndWhiteV2\BlogAndWhite\vendor\laravel\framework\src\Illuminate\Routing\Router.php(702): Illuminate\Routing\Router->prepareResponse(Object(Illuminate\Http\Request), Object(Illuminate\View\View))
#9 [internal function]: Illuminate\Routing\Router->Illuminate\Routing\{closure}(Object(Illuminate\Http\Request))
#10 C:\Users\Chasey\Desktop\NMS-BlogAndWhiteV2\BlogAndWhite\vendor\laravel\framework\src\Illuminate\Pipeline\Pipeline.php(141): call_user_func(Object(Closure), Object(Illuminate\Http\Request))
#11 [internal function]: Illuminate\Pipeline\Pipeline->Illuminate\Pipeline\{closure}(Object(Illuminate\Http\Request))
#12 C:\Users\Chasey\Desktop\NMS-BlogAndWhiteV2\BlogAndWhite\vendor\laravel\framework\src\Illuminate\Pipeline\Pipeline.php(101): call_user_func(Object(Closure), Object(Illuminate\Http\Request))
#13 C:\Users\Chasey\Desktop\NMS-BlogAndWhiteV2\BlogAndWhite\vendor\laravel\framework\src\Illuminate\Routing\Router.php(703): Illuminate\Pipeline\Pipeline->then(Object(Closure))
#14 C:\Users\Chasey\Desktop\NMS-BlogAndWhiteV2\BlogAndWhite\vendor\laravel\framework\src\Illuminate\Routing\Router.php(670): Illuminate\Routing\Router->runRouteWithinStack(Object(Illuminate\Routing\Route), Object(Illuminate\Http\Request))
#15 C:\Users\Chasey\Desktop\NMS-BlogAndWhiteV2\BlogAndWhite\vendor\laravel\framework\src\Illuminate\Routing\Router.php(628): Illuminate\Routing\Router->dispatchToRoute(Object(Illuminate\Http\Request))
#16 C:\Users\Chasey\Desktop\NMS-BlogAndWhiteV2\BlogAndWhite\vendor\laravel\framework\src\Illuminate\Foundation\Http\Kernel.php(214): Illuminate\Routing\Router->dispatch(Object(Illuminate\Http\Request))
#17 [internal function]: Illuminate\Foundation\Http\Kernel->Illuminate\Foundation\Http\{closure}(Object(Illuminate\Http\Request))
#18 C:\Users\Chasey\Desktop\NMS-BlogAndWhiteV2\BlogAndWhite\vendor\laravel\framework\src\Illuminate\Pipeline\Pipeline.php(141): call_user_func(Object(Closure), Object(Illuminate\Http\Request))
#19 C:\Users\Chasey\Desktop\NMS-BlogAndWhiteV2\BlogAndWhite\vendor\laravel\framework\src\Illuminate\Foundation\Http\Middleware\VerifyCsrfToken.php(43): Illuminate\Pipeline\Pipeline->Illuminate\Pipeline\{closure}(Object(Illuminate\Http\Request))
#20 C:\Users\Chasey\Desktop\NMS-BlogAndWhiteV2\BlogAndWhite\app\Http\Middleware\VerifyCsrfToken.php(17): Illuminate\Foundation\Http\Middleware\VerifyCsrfToken->handle(Object(Illuminate\Http\Request), Object(Closure))
#21 C:\Users\Chasey\Desktop\NMS-BlogAndWhiteV2\BlogAndWhite\vendor\laravel\framework\src\Illuminate\Pipeline\Pipeline.php(125): App\Http\Middleware\VerifyCsrfToken->handle(Object(Illuminate\Http\Request), Object(Closure))
#22 C:\Users\Chasey\Desktop\NMS-BlogAndWhiteV2\BlogAndWhite\vendor\laravel\framework\src\Illuminate\View\Middleware\ShareErrorsFromSession.php(55): Illuminate\Pipeline\Pipeline->Illuminate\Pipeline\{closure}(Object(Illuminate\Http\Request))
#23 C:\Users\Chasey\Desktop\NMS-BlogAndWhiteV2\BlogAndWhite\vendor\laravel\framework\src\Illuminate\Pipeline\Pipeline.php(125): Illuminate\View\Middleware\ShareErrorsFromSession->handle(Object(Illuminate\Http\Request), Object(Closure))
#24 C:\Users\Chasey\Desktop\NMS-BlogAndWhiteV2\BlogAndWhite\vendor\laravel\framework\src\Illuminate\Session\Middleware\StartSession.php(61): Illuminate\Pipeline\Pipeline->Illuminate\Pipeline\{closure}(Object(Illuminate\Http\Request))
#25 C:\Users\Chasey\Desktop\NMS-BlogAndWhiteV2\BlogAndWhite\vendor\laravel\framework\src\Illuminate\Pipeline\Pipeline.php(125): Illuminate\Session\Middleware\StartSession->handle(Object(Illuminate\Http\Request), Object(Closure))
#26 C:\Users\Chasey\Desktop\NMS-BlogAndWhiteV2\BlogAndWhite\vendor\laravel\framework\src\Illuminate\Cookie\Middleware\AddQueuedCookiesToResponse.php(36): Illuminate\Pipeline\Pipeline->Illuminate\Pipeline\{closure}(Object(Illuminate\Http\Request))
#27 C:\Users\Chasey\Desktop\NMS-BlogAndWhiteV2\BlogAndWhite\vendor\laravel\framework\src\Illuminate\Pipeline\Pipeline.php(125): Illuminate\Cookie\Middleware\AddQueuedCookiesToResponse->handle(Object(Illuminate\Http\Request), Object(Closure))
#28 C:\Users\Chasey\Desktop\NMS-BlogAndWhiteV2\BlogAndWhite\vendor\laravel\framework\src\Illuminate\Cookie\Middleware\EncryptCookies.php(40): Illuminate\Pipeline\Pipeline->Illuminate\Pipeline\{closure}(Object(Illuminate\Http\Request))
#29 C:\Users\Chasey\Desktop\NMS-BlogAndWhiteV2\BlogAndWhite\vendor\laravel\framework\src\Illuminate\Pipeline\Pipeline.php(125): Illuminate\Cookie\Middleware\EncryptCookies->handle(Object(Illuminate\Http\Request), Object(Closure))
#30 C:\Users\Chasey\Desktop\NMS-BlogAndWhiteV2\BlogAndWhite\vendor\laravel\framework\src\Illuminate\Foundation\Http\Middleware\CheckForMaintenanceMode.php(42): Illuminate\Pipeline\Pipeline->Illuminate\Pipeline\{closure}(Object(Illuminate\Http\Request))
#31 C:\Users\Chasey\Desktop\NMS-BlogAndWhiteV2\BlogAndWhite\vendor\laravel\framework\src\Illuminate\Pipeline\Pipeline.php(125): Illuminate\Foundation\Http\Middleware\CheckForMaintenanceMode->handle(Object(Illuminate\Http\Request), Object(Closure))
#32 [internal function]: Illuminate\Pipeline\Pipeline->Illuminate\Pipeline\{closure}(Object(Illuminate\Http\Request))
#33 C:\Users\Chasey\Desktop\NMS-BlogAndWhiteV2\BlogAndWhite\vendor\laravel\framework\src\Illuminate\Pipeline\Pipeline.php(101): call_user_func(Object(Closure), Object(Illuminate\Http\Request))
#34 C:\Users\Chasey\Desktop\NMS-BlogAndWhiteV2\BlogAndWhite\vendor\laravel\framework\src\Illuminate\Foundation\Http\Kernel.php(115): Illuminate\Pipeline\Pipeline->then(Object(Closure))
#35 C:\Users\Chasey\Desktop\NMS-BlogAndWhiteV2\BlogAndWhite\vendor\laravel\framework\src\Illuminate\Foundation\Http\Kernel.php(84): Illuminate\Foundation\Http\Kernel->sendRequestThroughRouter(Object(Illuminate\Http\Request))
#36 C:\Users\Chasey\Desktop\NMS-BlogAndWhiteV2\BlogAndWhite\public\index.php(53): Illuminate\Foundation\Http\Kernel->handle(Object(Illuminate\Http\Request))
#37 {main}  
[2018-06-29 07:06:30] local.ERROR: exception 'ErrorException' with message 'Trying to get property of non-object' in C:\Users\Chasey\Desktop\NMS-BlogAndWhiteV2\BlogAndWhite\app\Models\TblAccounts.php:57
Stack trace:
#0 C:\Users\Chasey\Desktop\NMS-BlogAndWhiteV2\BlogAndWhite\app\Models\TblAccounts.php(57): Illuminate\Foundation\Bootstrap\HandleExceptions->handleError(8, 'Trying to get p...', 'C:\Users\Chasey...', 57, Array)
#1 C:\Users\Chasey\Desktop\NMS-BlogAndWhiteV2\BlogAndWhite\app\Http\Controllers\AdminController.php(16): App\Models\TblAccounts::get_account_type(NULL)
#2 [internal function]: App\Http\Controllers\AdminController->__construct()
#3 C:\Users\Chasey\Desktop\NMS-BlogAndWhiteV2\BlogAndWhite\vendor\laravel\framework\src\Illuminate\Container\Container.php(820): ReflectionClass->newInstanceArgs(Array)
#4 C:\Users\Chasey\Desktop\NMS-BlogAndWhiteV2\BlogAndWhite\vendor\laravel\framework\src\Illuminate\Container\Container.php(659): Illuminate\Container\Container->build('App\Http\Contro...', Array)
#5 C:\Users\Chasey\Desktop\NMS-BlogAndWhiteV2\BlogAndWhite\vendor\laravel\framework\src\Illuminate\Foundation\Application.php(644): Illuminate\Container\Container->make('App\Http\Contro...', Array)
#6 C:\Users\Chasey\Desktop\NMS-BlogAndWhiteV2\BlogAndWhite\vendor\laravel\framework\src\Illuminate\Routing\ControllerDispatcher.php(83): Illuminate\Foundation\Application->make('App\Http\Contro...')
#7 C:\Users\Chasey\Desktop\NMS-BlogAndWhiteV2\BlogAndWhite\vendor\laravel\framework\src\Illuminate\Routing\ControllerDispatcher.php(54): Illuminate\Routing\ControllerDispatcher->makeController('App\Http\Contro...')
#8 C:\Users\Chasey\Desktop\NMS-BlogAndWhiteV2\BlogAndWhite\vendor\laravel\framework\src\Illuminate\Routing\Route.php(204): Illuminate\Routing\ControllerDispatcher->dispatch(Object(Illuminate\Routing\Route), Object(Illuminate\Http\Request), 'App\Http\Contro...', 'index')
#9 C:\Users\Chasey\Desktop\NMS-BlogAndWhiteV2\BlogAndWhite\vendor\laravel\framework\src\Illuminate\Routing\Route.php(134): Illuminate\Routing\Route->runWithCustomDispatcher(Object(Illuminate\Http\Request))
#10 C:\Users\Chasey\Desktop\NMS-BlogAndWhiteV2\BlogAndWhite\vendor\laravel\framework\src\Illuminate\Routing\Router.php(701): Illuminate\Routing\Route->run(Object(Illuminate\Http\Request))
#11 [internal function]: Illuminate\Routing\Router->Illuminate\Routing\{closure}(Object(Illuminate\Http\Request))
#12 C:\Users\Chasey\Desktop\NMS-BlogAndWhiteV2\BlogAndWhite\vendor\laravel\framework\src\Illuminate\Pipeline\Pipeline.php(141): call_user_func(Object(Closure), Object(Illuminate\Http\Request))
#13 [internal function]: Illuminate\Pipeline\Pipeline->Illuminate\Pipeline\{closure}(Object(Illuminate\Http\Request))
#14 C:\Users\Chasey\Desktop\NMS-BlogAndWhiteV2\BlogAndWhite\vendor\laravel\framework\src\Illuminate\Pipeline\Pipeline.php(101): call_user_func(Object(Closure), Object(Illuminate\Http\Request))
#15 C:\Users\Chasey\Desktop\NMS-BlogAndWhiteV2\BlogAndWhite\vendor\laravel\framework\src\Illuminate\Routing\Router.php(703): Illuminate\Pipeline\Pipeline->then(Object(Closure))
#16 C:\Users\Chasey\Desktop\NMS-BlogAndWhiteV2\BlogAndWhite\vendor\laravel\framework\src\Illuminate\Routing\Router.php(670): Illuminate\Routing\Router->runRouteWithinStack(Object(Illuminate\Routing\Route), Object(Illuminate\Http\Request))
#17 C:\Users\Chasey\Desktop\NMS-BlogAndWhiteV2\BlogAndWhite\vendor\laravel\framework\src\Illuminate\Routing\Router.php(628): Illuminate\Routing\Router->dispatchToRoute(Object(Illuminate\Http\Request))
#18 C:\Users\Chasey\Desktop\NMS-BlogAndWhiteV2\BlogAndWhite\vendor\laravel\framework\src\Illuminate\Foundation\Http\Kernel.php(214): Illuminate\Routing\Router->dispatch(Object(Illuminate\Http\Request))
#19 [internal function]: Illuminate\Foundation\Http\Kernel->Illuminate\Foundation\Http\{closure}(Object(Illuminate\Http\Request))
#20 C:\Users\Chasey\Desktop\NMS-BlogAndWhiteV2\BlogAndWhite\vendor\laravel\framework\src\Illuminate\Pipeline\Pipeline.php(141): call_user_func(Object(Closure), Object(Illuminate\Http\Request))
#21 C:\Users\Chasey\Desktop\NMS-BlogAndWhiteV2\BlogAndWhite\vendor\laravel\framework\src\Illuminate\Foundation\Http\Middleware\VerifyCsrfToken.php(43): Illuminate\Pipeline\Pipeline->Illuminate\Pipeline\{closure}(Object(Illuminate\Http\Request))
#22 C:\Users\Chasey\Desktop\NMS-BlogAndWhiteV2\BlogAndWhite\app\Http\Middleware\VerifyCsrfToken.php(17): Illuminate\Foundation\Http\Middleware\VerifyCsrfToken->handle(Object(Illuminate\Http\Request), Object(Closure))
#23 C:\Users\Chasey\Desktop\NMS-BlogAndWhiteV2\BlogAndWhite\vendor\laravel\framework\src\Illuminate\Pipeline\Pipeline.php(125): App\Http\Middleware\VerifyCsrfToken->handle(Object(Illuminate\Http\Request), Object(Closure))
#24 C:\Users\Chasey\Desktop\NMS-BlogAndWhiteV2\BlogAndWhite\vendor\laravel\framework\src\Illuminate\View\Middleware\ShareErrorsFromSession.php(55): Illuminate\Pipeline\Pipeline->Illuminate\Pipeline\{closure}(Object(Illuminate\Http\Request))
#25 C:\Users\Chasey\Desktop\NMS-BlogAndWhiteV2\BlogAndWhite\vendor\laravel\framework\src\Illuminate\Pipeline\Pipeline.php(125): Illuminate\View\Middleware\ShareErrorsFromSession->handle(Object(Illuminate\Http\Request), Object(Closure))
#26 C:\Users\Chasey\Desktop\NMS-BlogAndWhiteV2\BlogAndWhite\vendor\laravel\framework\src\Illuminate\Session\Middleware\StartSession.php(61): Illuminate\Pipeline\Pipeline->Illuminate\Pipeline\{closure}(Object(Illuminate\Http\Request))
#27 C:\Users\Chasey\Desktop\NMS-BlogAndWhiteV2\BlogAndWhite\vendor\laravel\framework\src\Illuminate\Pipeline\Pipeline.php(125): Illuminate\Session\Middleware\StartSession->handle(Object(Illuminate\Http\Request), Object(Closure))
#28 C:\Users\Chasey\Desktop\NMS-BlogAndWhiteV2\BlogAndWhite\vendor\laravel\framework\src\Illuminate\Cookie\Middleware\AddQueuedCookiesToResponse.php(36): Illuminate\Pipeline\Pipeline->Illuminate\Pipeline\{closure}(Object(Illuminate\Http\Request))
#29 C:\Users\Chasey\Desktop\NMS-BlogAndWhiteV2\BlogAndWhite\vendor\laravel\framework\src\Illuminate\Pipeline\Pipeline.php(125): Illuminate\Cookie\Middleware\AddQueuedCookiesToResponse->handle(Object(Illuminate\Http\Request), Object(Closure))
#30 C:\Users\Chasey\Desktop\NMS-BlogAndWhiteV2\BlogAndWhite\vendor\laravel\framework\src\Illuminate\Cookie\Middleware\EncryptCookies.php(40): Illuminate\Pipeline\Pipeline->Illuminate\Pipeline\{closure}(Object(Illuminate\Http\Request))
#31 C:\Users\Chasey\Desktop\NMS-BlogAndWhiteV2\BlogAndWhite\vendor\laravel\framework\src\Illuminate\Pipeline\Pipeline.php(125): Illuminate\Cookie\Middleware\EncryptCookies->handle(Object(Illuminate\Http\Request), Object(Closure))
#32 C:\Users\Chasey\Desktop\NMS-BlogAndWhiteV2\BlogAndWhite\vendor\laravel\framework\src\Illuminate\Foundation\Http\Middleware\CheckForMaintenanceMode.php(42): Illuminate\Pipeline\Pipeline->Illuminate\Pipeline\{closure}(Object(Illuminate\Http\Request))
#33 C:\Users\Chasey\Desktop\NMS-BlogAndWhiteV2\BlogAndWhite\vendor\laravel\framework\src\Illuminate\Pipeline\Pipeline.php(125): Illuminate\Foundation\Http\Middleware\CheckForMaintenanceMode->handle(Object(Illuminate\Http\Request), Object(Closure))
#34 [internal function]: Illuminate\Pipeline\Pipeline->Illuminate\Pipeline\{closure}(Object(Illuminate\Http\Request))
#35 C:\Users\Chasey\Desktop\NMS-BlogAndWhiteV2\BlogAndWhite\vendor\laravel\framework\src\Illuminate\Pipeline\Pipeline.php(101): call_user_func(Object(Closure), Object(Illuminate\Http\Request))
#36 C:\Users\Chasey\Desktop\NMS-BlogAndWhiteV2\BlogAndWhite\vendor\laravel\framework\src\Illuminate\Foundation\Http\Kernel.php(115): Illuminate\Pipeline\Pipeline->then(Object(Closure))
#37 C:\Users\Chasey\Desktop\NMS-BlogAndWhiteV2\BlogAndWhite\vendor\laravel\framework\src\Illuminate\Foundation\Http\Kernel.php(84): Illuminate\Foundation\Http\Kernel->sendRequestThroughRouter(Object(Illuminate\Http\Request))
#38 C:\Users\Chasey\Desktop\NMS-BlogAndWhiteV2\BlogAndWhite\public\index.php(53): Illuminate\Foundation\Http\Kernel->handle(Object(Illuminate\Http\Request))
#39 {main}  
[2018-06-29 07:09:04] local.ERROR: exception 'Symfony\Component\Debug\Exception\FatalErrorException' with message 'Can't use function return value in write context' in C:\Users\Chasey\Desktop\NMS-BlogAndWhiteV2\BlogAndWhite\app\Http\Controllers\AdminController.php:16
Stack trace:
#0 C:\Users\Chasey\Desktop\NMS-BlogAndWhiteV2\BlogAndWhite\vendor\laravel\framework\src\Illuminate\Foundation\Bootstrap\HandleExceptions.php(131): Symfony\Component\Debug\Exception\FatalErrorException->__construct()
#1 C:\Users\Chasey\Desktop\NMS-BlogAndWhiteV2\BlogAndWhite\vendor\laravel\framework\src\Illuminate\Foundation\Bootstrap\HandleExceptions.php(116): Illuminate\Foundation\Bootstrap\HandleExceptions->fatalExceptionFromError()
#2 C:\Users\Chasey\Desktop\NMS-BlogAndWhiteV2\BlogAndWhite\vendor\laravel\framework\src\Illuminate\Foundation\Bootstrap\HandleExceptions.php(0): Illuminate\Foundation\Bootstrap\HandleExceptions->handleShutdown()
#3 C:\Users\Chasey\Desktop\NMS-BlogAndWhiteV2\BlogAndWhite\vendor\composer\ClassLoader.php(322): Composer\Autoload\includeFile()
#4 C:\Users\Chasey\Desktop\NMS-BlogAndWhiteV2\BlogAndWhite\vendor\laravel\framework\src\Illuminate\Container\Container.php(0): Composer\Autoload\ClassLoader->loadClass()
#5 C:\Users\Chasey\Desktop\NMS-BlogAndWhiteV2\BlogAndWhite\vendor\laravel\framework\src\Illuminate\Container\Container.php(779): ReflectionClass->__construct()
#6 C:\Users\Chasey\Desktop\NMS-BlogAndWhiteV2\BlogAndWhite\vendor\laravel\framework\src\Illuminate\Container\Container.php(659): Illuminate\Container\Container->build()
#7 C:\Users\Chasey\Desktop\NMS-BlogAndWhiteV2\BlogAndWhite\vendor\laravel\framework\src\Illuminate\Foundation\Application.php(644): Illuminate\Container\Container->make()
#8 C:\Users\Chasey\Desktop\NMS-BlogAndWhiteV2\BlogAndWhite\vendor\laravel\framework\src\Illuminate\Routing\ControllerDispatcher.php(83): Illuminate\Foundation\Application->make()
#9 C:\Users\Chasey\Desktop\NMS-BlogAndWhiteV2\BlogAndWhite\vendor\laravel\framework\src\Illuminate\Routing\ControllerDispatcher.php(54): Illuminate\Routing\ControllerDispatcher->makeController()
#10 C:\Users\Chasey\Desktop\NMS-BlogAndWhiteV2\BlogAndWhite\vendor\laravel\framework\src\Illuminate\Routing\Route.php(204): Illuminate\Routing\ControllerDispatcher->dispatch()
#11 C:\Users\Chasey\Desktop\NMS-BlogAndWhiteV2\BlogAndWhite\vendor\laravel\framework\src\Illuminate\Routing\Route.php(134): Illuminate\Routing\Route->runWithCustomDispatcher()
#12 C:\Users\Chasey\Desktop\NMS-BlogAndWhiteV2\BlogAndWhite\vendor\laravel\framework\src\Illuminate\Routing\Router.php(701): Illuminate\Routing\Route->run()
#13 C:\Users\Chasey\Desktop\NMS-BlogAndWhiteV2\BlogAndWhite\vendor\laravel\framework\src\Illuminate\Pipeline\Pipeline.php(141): Illuminate\Routing\Router->Illuminate\Routing\{closure}()
#14 C:\Users\Chasey\Desktop\NMS-BlogAndWhiteV2\BlogAndWhite\vendor\laravel\framework\src\Illuminate\Pipeline\Pipeline.php(141): call_user_func()
#15 C:\Users\Chasey\Desktop\NMS-BlogAndWhiteV2\BlogAndWhite\vendor\laravel\framework\src\Illuminate\Pipeline\Pipeline.php(101): Illuminate\Pipeline\Pipeline->Illuminate\Pipeline\{closure}()
#16 C:\Users\Chasey\Desktop\NMS-BlogAndWhiteV2\BlogAndWhite\vendor\laravel\framework\src\Illuminate\Pipeline\Pipeline.php(101): call_user_func()
#17 C:\Users\Chasey\Desktop\NMS-BlogAndWhiteV2\BlogAndWhite\vendor\laravel\framework\src\Illuminate\Routing\Router.php(703): Illuminate\Pipeline\Pipeline->then()
#18 C:\Users\Chasey\Desktop\NMS-BlogAndWhiteV2\BlogAndWhite\vendor\laravel\framework\src\Illuminate\Routing\Router.php(670): Illuminate\Routing\Router->runRouteWithinStack()
#19 C:\Users\Chasey\Desktop\NMS-BlogAndWhiteV2\BlogAndWhite\vendor\laravel\framework\src\Illuminate\Routing\Router.php(628): Illuminate\Routing\Router->dispatchToRoute()
#20 C:\Users\Chasey\Desktop\NMS-BlogAndWhiteV2\BlogAndWhite\vendor\laravel\framework\src\Illuminate\Foundation\Http\Kernel.php(214): Illuminate\Routing\Router->dispatch()
#21 C:\Users\Chasey\Desktop\NMS-BlogAndWhiteV2\BlogAndWhite\vendor\laravel\framework\src\Illuminate\Pipeline\Pipeline.php(141): Illuminate\Foundation\Http\Kernel->Illuminate\Foundation\Http\{closure}()
#22 C:\Users\Chasey\Desktop\NMS-BlogAndWhiteV2\BlogAndWhite\vendor\laravel\framework\src\Illuminate\Pipeline\Pipeline.php(141): call_user_func()
#23 C:\Users\Chasey\Desktop\NMS-BlogAndWhiteV2\BlogAndWhite\vendor\laravel\framework\src\Illuminate\Foundation\Http\Middleware\VerifyCsrfToken.php(43): Illuminate\Pipeline\Pipeline->Illuminate\Pipeline\{closure}()
#24 C:\Users\Chasey\Desktop\NMS-BlogAndWhiteV2\BlogAndWhite\app\Http\Middleware\VerifyCsrfToken.php(17): Illuminate\Foundation\Http\Middleware\VerifyCsrfToken->handle()
#25 C:\Users\Chasey\Desktop\NMS-BlogAndWhiteV2\BlogAndWhite\vendor\laravel\framework\src\Illuminate\Pipeline\Pipeline.php(125): App\Http\Middleware\VerifyCsrfToken->handle()
#26 C:\Users\Chasey\Desktop\NMS-BlogAndWhiteV2\BlogAndWhite\vendor\laravel\framework\src\Illuminate\View\Middleware\ShareErrorsFromSession.php(55): Illuminate\Pipeline\Pipeline->Illuminate\Pipeline\{closure}()
#27 C:\Users\Chasey\Desktop\NMS-BlogAndWhiteV2\BlogAndWhite\vendor\laravel\framework\src\Illuminate\Pipeline\Pipeline.php(125): Illuminate\View\Middleware\ShareErrorsFromSession->handle()
#28 C:\Users\Chasey\Desktop\NMS-BlogAndWhiteV2\BlogAndWhite\vendor\laravel\framework\src\Illuminate\Session\Middleware\StartSession.php(61): Illuminate\Pipeline\Pipeline->Illuminate\Pipeline\{closure}()
#29 C:\Users\Chasey\Desktop\NMS-BlogAndWhiteV2\BlogAndWhite\vendor\laravel\framework\src\Illuminate\Pipeline\Pipeline.php(125): Illuminate\Session\Middleware\StartSession->handle()
#30 C:\Users\Chasey\Desktop\NMS-BlogAndWhiteV2\BlogAndWhite\vendor\laravel\framework\src\Illuminate\Cookie\Middleware\AddQueuedCookiesToResponse.php(36): Illuminate\Pipeline\Pipeline->Illuminate\Pipeline\{closure}()
#31 C:\Users\Chasey\Desktop\NMS-BlogAndWhiteV2\BlogAndWhite\vendor\laravel\framework\src\Illuminate\Pipeline\Pipeline.php(125): Illuminate\Cookie\Middleware\AddQueuedCookiesToResponse->handle()
#32 C:\Users\Chasey\Desktop\NMS-BlogAndWhiteV2\BlogAndWhite\vendor\laravel\framework\src\Illuminate\Cookie\Middleware\EncryptCookies.php(40): Illuminate\Pipeline\Pipeline->Illuminate\Pipeline\{closure}()
#33 C:\Users\Chasey\Desktop\NMS-BlogAndWhiteV2\BlogAndWhite\vendor\laravel\framework\src\Illuminate\Pipeline\Pipeline.php(125): Illuminate\Cookie\Middleware\EncryptCookies->handle()
#34 C:\Users\Chasey\Desktop\NMS-BlogAndWhiteV2\BlogAndWhite\vendor\laravel\framework\src\Illuminate\Foundation\Http\Middleware\CheckForMaintenanceMode.php(42): Illuminate\Pipeline\Pipeline->Illuminate\Pipeline\{closure}()
#35 C:\Users\Chasey\Desktop\NMS-BlogAndWhiteV2\BlogAndWhite\vendor\laravel\framework\src\Illuminate\Pipeline\Pipeline.php(125): Illuminate\Foundation\Http\Middleware\CheckForMaintenanceMode->handle()
#36 C:\Users\Chasey\Desktop\NMS-BlogAndWhiteV2\BlogAndWhite\vendor\laravel\framework\src\Illuminate\Pipeline\Pipeline.php(101): Illuminate\Pipeline\Pipeline->Illuminate\Pipeline\{closure}()
#37 C:\Users\Chasey\Desktop\NMS-BlogAndWhiteV2\BlogAndWhite\vendor\laravel\framework\src\Illuminate\Pipeline\Pipeline.php(101): call_user_func()
#38 C:\Users\Chasey\Desktop\NMS-BlogAndWhiteV2\BlogAndWhite\vendor\laravel\framework\src\Illuminate\Foundation\Http\Kernel.php(115): Illuminate\Pipeline\Pipeline->then()
#39 C:\Users\Chasey\Desktop\NMS-BlogAndWhiteV2\BlogAndWhite\vendor\laravel\framework\src\Illuminate\Foundation\Http\Kernel.php(84): Illuminate\Foundation\Http\Kernel->sendRequestThroughRouter()
#40 C:\Users\Chasey\Desktop\NMS-BlogAndWhiteV2\BlogAndWhite\public\index.php(53): Illuminate\Foundation\Http\Kernel->handle()
#41 C:\Users\Chasey\Desktop\NMS-BlogAndWhiteV2\BlogAndWhite\public\index.php(0): {main}()
#42 {main}  
[2018-06-29 07:11:23] local.ERROR: exception 'Symfony\Component\Debug\Exception\FatalErrorException' with message 'syntax error, unexpected '{'' in C:\Users\Chasey\Desktop\NMS-BlogAndWhiteV2\BlogAndWhite\app\Http\Controllers\AdminController.php:16
Stack trace:
#0 C:\Users\Chasey\Desktop\NMS-BlogAndWhiteV2\BlogAndWhite\vendor\laravel\framework\src\Illuminate\Foundation\Bootstrap\HandleExceptions.php(131): Symfony\Component\Debug\Exception\FatalErrorException->__construct()
#1 C:\Users\Chasey\Desktop\NMS-BlogAndWhiteV2\BlogAndWhite\vendor\laravel\framework\src\Illuminate\Foundation\Bootstrap\HandleExceptions.php(116): Illuminate\Foundation\Bootstrap\HandleExceptions->fatalExceptionFromError()
#2 C:\Users\Chasey\Desktop\NMS-BlogAndWhiteV2\BlogAndWhite\vendor\laravel\framework\src\Illuminate\Foundation\Bootstrap\HandleExceptions.php(0): Illuminate\Foundation\Bootstrap\HandleExceptions->handleShutdown()
#3 C:\Users\Chasey\Desktop\NMS-BlogAndWhiteV2\BlogAndWhite\vendor\composer\ClassLoader.php(322): Composer\Autoload\includeFile()
#4 C:\Users\Chasey\Desktop\NMS-BlogAndWhiteV2\BlogAndWhite\vendor\laravel\framework\src\Illuminate\Container\Container.php(0): Composer\Autoload\ClassLoader->loadClass()
#5 C:\Users\Chasey\Desktop\NMS-BlogAndWhiteV2\BlogAndWhite\vendor\laravel\framework\src\Illuminate\Container\Container.php(779): ReflectionClass->__construct()
#6 C:\Users\Chasey\Desktop\NMS-BlogAndWhiteV2\BlogAndWhite\vendor\laravel\framework\src\Illuminate\Container\Container.php(659): Illuminate\Container\Container->build()
#7 C:\Users\Chasey\Desktop\NMS-BlogAndWhiteV2\BlogAndWhite\vendor\laravel\framework\src\Illuminate\Foundation\Application.php(644): Illuminate\Container\Container->make()
#8 C:\Users\Chasey\Desktop\NMS-BlogAndWhiteV2\BlogAndWhite\vendor\laravel\framework\src\Illuminate\Routing\ControllerDispatcher.php(83): Illuminate\Foundation\Application->make()
#9 C:\Users\Chasey\Desktop\NMS-BlogAndWhiteV2\BlogAndWhite\vendor\laravel\framework\src\Illuminate\Routing\ControllerDispatcher.php(54): Illuminate\Routing\ControllerDispatcher->makeController()
#10 C:\Users\Chasey\Desktop\NMS-BlogAndWhiteV2\BlogAndWhite\vendor\laravel\framework\src\Illuminate\Routing\Route.php(204): Illuminate\Routing\ControllerDispatcher->dispatch()
#11 C:\Users\Chasey\Desktop\NMS-BlogAndWhiteV2\BlogAndWhite\vendor\laravel\framework\src\Illuminate\Routing\Route.php(134): Illuminate\Routing\Route->runWithCustomDispatcher()
#12 C:\Users\Chasey\Desktop\NMS-BlogAndWhiteV2\BlogAndWhite\vendor\laravel\framework\src\Illuminate\Routing\Router.php(701): Illuminate\Routing\Route->run()
#13 C:\Users\Chasey\Desktop\NMS-BlogAndWhiteV2\BlogAndWhite\vendor\laravel\framework\src\Illuminate\Pipeline\Pipeline.php(141): Illuminate\Routing\Router->Illuminate\Routing\{closure}()
#14 C:\Users\Chasey\Desktop\NMS-BlogAndWhiteV2\BlogAndWhite\vendor\laravel\framework\src\Illuminate\Pipeline\Pipeline.php(141): call_user_func()
#15 C:\Users\Chasey\Desktop\NMS-BlogAndWhiteV2\BlogAndWhite\vendor\laravel\framework\src\Illuminate\Pipeline\Pipeline.php(101): Illuminate\Pipeline\Pipeline->Illuminate\Pipeline\{closure}()
#16 C:\Users\Chasey\Desktop\NMS-BlogAndWhiteV2\BlogAndWhite\vendor\laravel\framework\src\Illuminate\Pipeline\Pipeline.php(101): call_user_func()
#17 C:\Users\Chasey\Desktop\NMS-BlogAndWhiteV2\BlogAndWhite\vendor\laravel\framework\src\Illuminate\Routing\Router.php(703): Illuminate\Pipeline\Pipeline->then()
#18 C:\Users\Chasey\Desktop\NMS-BlogAndWhiteV2\BlogAndWhite\vendor\laravel\framework\src\Illuminate\Routing\Router.php(670): Illuminate\Routing\Router->runRouteWithinStack()
#19 C:\Users\Chasey\Desktop\NMS-BlogAndWhiteV2\BlogAndWhite\vendor\laravel\framework\src\Illuminate\Routing\Router.php(628): Illuminate\Routing\Router->dispatchToRoute()
#20 C:\Users\Chasey\Desktop\NMS-BlogAndWhiteV2\BlogAndWhite\vendor\laravel\framework\src\Illuminate\Foundation\Http\Kernel.php(214): Illuminate\Routing\Router->dispatch()
#21 C:\Users\Chasey\Desktop\NMS-BlogAndWhiteV2\BlogAndWhite\vendor\laravel\framework\src\Illuminate\Pipeline\Pipeline.php(141): Illuminate\Foundation\Http\Kernel->Illuminate\Foundation\Http\{closure}()
#22 C:\Users\Chasey\Desktop\NMS-BlogAndWhiteV2\BlogAndWhite\vendor\laravel\framework\src\Illuminate\Pipeline\Pipeline.php(141): call_user_func()
#23 C:\Users\Chasey\Desktop\NMS-BlogAndWhiteV2\BlogAndWhite\vendor\laravel\framework\src\Illuminate\Foundation\Http\Middleware\VerifyCsrfToken.php(43): Illuminate\Pipeline\Pipeline->Illuminate\Pipeline\{closure}()
#24 C:\Users\Chasey\Desktop\NMS-BlogAndWhiteV2\BlogAndWhite\app\Http\Middleware\VerifyCsrfToken.php(17): Illuminate\Foundation\Http\Middleware\VerifyCsrfToken->handle()
#25 C:\Users\Chasey\Desktop\NMS-BlogAndWhiteV2\BlogAndWhite\vendor\laravel\framework\src\Illuminate\Pipeline\Pipeline.php(125): App\Http\Middleware\VerifyCsrfToken->handle()
#26 C:\Users\Chasey\Desktop\NMS-BlogAndWhiteV2\BlogAndWhite\vendor\laravel\framework\src\Illuminate\View\Middleware\ShareErrorsFromSession.php(55): Illuminate\Pipeline\Pipeline->Illuminate\Pipeline\{closure}()
#27 C:\Users\Chasey\Desktop\NMS-BlogAndWhiteV2\BlogAndWhite\vendor\laravel\framework\src\Illuminate\Pipeline\Pipeline.php(125): Illuminate\View\Middleware\ShareErrorsFromSession->handle()
#28 C:\Users\Chasey\Desktop\NMS-BlogAndWhiteV2\BlogAndWhite\vendor\laravel\framework\src\Illuminate\Session\Middleware\StartSession.php(61): Illuminate\Pipeline\Pipeline->Illuminate\Pipeline\{closure}()
#29 C:\Users\Chasey\Desktop\NMS-BlogAndWhiteV2\BlogAndWhite\vendor\laravel\framework\src\Illuminate\Pipeline\Pipeline.php(125): Illuminate\Session\Middleware\StartSession->handle()
#30 C:\Users\Chasey\Desktop\NMS-BlogAndWhiteV2\BlogAndWhite\vendor\laravel\framework\src\Illuminate\Cookie\Middleware\AddQueuedCookiesToResponse.php(36): Illuminate\Pipeline\Pipeline->Illuminate\Pipeline\{closure}()
#31 C:\Users\Chasey\Desktop\NMS-BlogAndWhiteV2\BlogAndWhite\vendor\laravel\framework\src\Illuminate\Pipeline\Pipeline.php(125): Illuminate\Cookie\Middleware\AddQueuedCookiesToResponse->handle()
#32 C:\Users\Chasey\Desktop\NMS-BlogAndWhiteV2\BlogAndWhite\vendor\laravel\framework\src\Illuminate\Cookie\Middleware\EncryptCookies.php(40): Illuminate\Pipeline\Pipeline->Illuminate\Pipeline\{closure}()
#33 C:\Users\Chasey\Desktop\NMS-BlogAndWhiteV2\BlogAndWhite\vendor\laravel\framework\src\Illuminate\Pipeline\Pipeline.php(125): Illuminate\Cookie\Middleware\EncryptCookies->handle()
#34 C:\Users\Chasey\Desktop\NMS-BlogAndWhiteV2\BlogAndWhite\vendor\laravel\framework\src\Illuminate\Foundation\Http\Middleware\CheckForMaintenanceMode.php(42): Illuminate\Pipeline\Pipeline->Illuminate\Pipeline\{closure}()
#35 C:\Users\Chasey\Desktop\NMS-BlogAndWhiteV2\BlogAndWhite\vendor\laravel\framework\src\Illuminate\Pipeline\Pipeline.php(125): Illuminate\Foundation\Http\Middleware\CheckForMaintenanceMode->handle()
#36 C:\Users\Chasey\Desktop\NMS-BlogAndWhiteV2\BlogAndWhite\vendor\laravel\framework\src\Illuminate\Pipeline\Pipeline.php(101): Illuminate\Pipeline\Pipeline->Illuminate\Pipeline\{closure}()
#37 C:\Users\Chasey\Desktop\NMS-BlogAndWhiteV2\BlogAndWhite\vendor\laravel\framework\src\Illuminate\Pipeline\Pipeline.php(101): call_user_func()
#38 C:\Users\Chasey\Desktop\NMS-BlogAndWhiteV2\BlogAndWhite\vendor\laravel\framework\src\Illuminate\Foundation\Http\Kernel.php(115): Illuminate\Pipeline\Pipeline->then()
#39 C:\Users\Chasey\Desktop\NMS-BlogAndWhiteV2\BlogAndWhite\vendor\laravel\framework\src\Illuminate\Foundation\Http\Kernel.php(84): Illuminate\Foundation\Http\Kernel->sendRequestThroughRouter()
#40 C:\Users\Chasey\Desktop\NMS-BlogAndWhiteV2\BlogAndWhite\public\index.php(53): Illuminate\Foundation\Http\Kernel->handle()
#41 C:\Users\Chasey\Desktop\NMS-BlogAndWhiteV2\BlogAndWhite\public\index.php(0): {main}()
#42 {main}  
